{"/Users/jonatanmachado/Documents/thinkworld/interno/api-saas/src/app.controller.ts": {"path":"/Users/jonatanmachado/Documents/thinkworld/interno/api-saas/src/app.controller.ts","statementMap":{"0":{"start":{"line":1,"column":0},"end":{"line":1,"column":49}},"1":{"start":{"line":2,"column":0},"end":{"line":2,"column":43}},"2":{"start":{"line":5,"column":7},"end":{"line":12,"column":null}},"3":{"start":{"line":6,"column":31},"end":{"line":6,"column":43}},"4":{"start":{"line":10,"column":4},"end":{"line":10,"column":38}},"5":{"start":{"line":5,"column":13},"end":{"line":5,"column":26}},"6":{"start":{"line":9,"column":2},"end":{"line":11,"column":null}},"7":{"start":{"line":5,"column":13},"end":{"line":12,"column":null}}},"fnMap":{"0":{"name":"(anonymous_2)","decl":{"start":{"line":6,"column":2},"end":{"line":6,"column":31}},"loc":{"start":{"line":6,"column":53},"end":{"line":6,"column":57}}},"1":{"name":"(anonymous_3)","decl":{"start":{"line":9,"column":2},"end":{"line":9,"column":10}},"loc":{"start":{"line":9,"column":10},"end":{"line":11,"column":3}}}},"branchMap":{},"s":{"0":1,"1":1,"2":1,"3":1,"4":1,"5":1,"6":1,"7":1},"f":{"0":1,"1":1},"b":{}}
,"/Users/jonatanmachado/Documents/thinkworld/interno/api-saas/src/app.module.ts": {"path":"/Users/jonatanmachado/Documents/thinkworld/interno/api-saas/src/app.module.ts","statementMap":{"0":{"start":{"line":1,"column":0},"end":{"line":1,"column":40}},"1":{"start":{"line":2,"column":0},"end":{"line":2,"column":46}},"2":{"start":{"line":3,"column":0},"end":{"line":3,"column":62}},"3":{"start":{"line":4,"column":0},"end":{"line":4,"column":62}},"4":{"start":{"line":5,"column":0},"end":{"line":5,"column":53}},"5":{"start":{"line":6,"column":0},"end":{"line":6,"column":80}},"6":{"start":{"line":7,"column":0},"end":{"line":7,"column":62}},"7":{"start":{"line":8,"column":0},"end":{"line":8,"column":56}},"8":{"start":{"line":9,"column":0},"end":{"line":9,"column":59}},"9":{"start":{"line":10,"column":0},"end":{"line":10,"column":65}},"10":{"start":{"line":29,"column":7},"end":{"line":29,"column":null}},"11":{"start":{"line":29,"column":13},"end":{"line":29,"column":22}},"12":{"start":{"line":29,"column":13},"end":{"line":29,"column":null}}},"fnMap":{},"branchMap":{},"s":{"0":0,"1":0,"2":0,"3":0,"4":0,"5":0,"6":0,"7":0,"8":0,"9":0,"10":0,"11":0,"12":0},"f":{},"b":{}}
,"/Users/jonatanmachado/Documents/thinkworld/interno/api-saas/src/app.service.ts": {"path":"/Users/jonatanmachado/Documents/thinkworld/interno/api-saas/src/app.service.ts","statementMap":{"0":{"start":{"line":1,"column":0},"end":{"line":1,"column":44}},"1":{"start":{"line":4,"column":7},"end":{"line":8,"column":null}},"2":{"start":{"line":6,"column":4},"end":{"line":6,"column":26}},"3":{"start":{"line":4,"column":13},"end":{"line":4,"column":23}},"4":{"start":{"line":4,"column":13},"end":{"line":8,"column":null}}},"fnMap":{"0":{"name":"(anonymous_1)","decl":{"start":{"line":5,"column":2},"end":{"line":5,"column":10}},"loc":{"start":{"line":5,"column":10},"end":{"line":7,"column":3}}}},"branchMap":{},"s":{"0":1,"1":1,"2":1,"3":1,"4":1},"f":{"0":1},"b":{}}
,"/Users/jonatanmachado/Documents/thinkworld/interno/api-saas/src/main.ts": {"path":"/Users/jonatanmachado/Documents/thinkworld/interno/api-saas/src/main.ts","statementMap":{"0":{"start":{"line":1,"column":0},"end":{"line":1,"column":60}},"1":{"start":{"line":2,"column":0},"end":{"line":2,"column":48}},"2":{"start":{"line":3,"column":0},"end":{"line":3,"column":65}},"3":{"start":{"line":4,"column":0},"end":{"line":4,"column":41}},"4":{"start":{"line":5,"column":0},"end":{"line":5,"column":75}},"5":{"start":{"line":8,"column":14},"end":{"line":8,"column":49}},"6":{"start":{"line":9,"column":26},"end":{"line":9,"column":50}},"7":{"start":{"line":12,"column":2},"end":{"line":12,"column":29}},"8":{"start":{"line":15,"column":25},"end":{"line":17,"column":9}},"9":{"start":{"line":16,"column":55},"end":{"line":16,"column":68}},"10":{"start":{"line":19,"column":2},"end":{"line":23,"column":5}},"11":{"start":{"line":26,"column":2},"end":{"line":35,"column":4}},"12":{"start":{"line":38,"column":2},"end":{"line":38,"column":65}},"13":{"start":{"line":41,"column":17},"end":{"line":46,"column":12}},"14":{"start":{"line":47,"column":19},"end":{"line":47,"column":60}},"15":{"start":{"line":48,"column":2},"end":{"line":48,"column":49}},"16":{"start":{"line":50,"column":15},"end":{"line":50,"column":39}},"17":{"start":{"line":51,"column":2},"end":{"line":51,"column":36}},"18":{"start":{"line":52,"column":2},"end":{"line":52,"column":73}},"19":{"start":{"line":53,"column":2},"end":{"line":53,"column":78}},"20":{"start":{"line":55,"column":0},"end":{"line":55,"column":12}}},"fnMap":{"0":{"name":"bootstrap","decl":{"start":{"line":7,"column":15},"end":{"line":7,"column":24}},"loc":{"start":{"line":7,"column":24},"end":{"line":54,"column":1}}},"1":{"name":"(anonymous_1)","decl":{"start":{"line":16,"column":45},"end":{"line":16,"column":51}},"loc":{"start":{"line":16,"column":55},"end":{"line":16,"column":68}}}},"branchMap":{"0":{"loc":{"start":{"line":15,"column":25},"end":{"line":17,"column":9}},"type":"cond-expr","locations":[{"start":{"line":16,"column":6},"end":{"line":16,"column":69}},{"start":{"line":17,"column":6},"end":{"line":17,"column":9}}]},"1":{"loc":{"start":{"line":50,"column":15},"end":{"line":50,"column":39}},"type":"binary-expr","locations":[{"start":{"line":50,"column":15},"end":{"line":50,"column":31}},{"start":{"line":50,"column":35},"end":{"line":50,"column":39}}]}},"s":{"0":0,"1":0,"2":0,"3":0,"4":0,"5":0,"6":0,"7":0,"8":0,"9":0,"10":0,"11":0,"12":0,"13":0,"14":0,"15":0,"16":0,"17":0,"18":0,"19":0,"20":0},"f":{"0":0,"1":0},"b":{"0":[0,0],"1":[0,0]}}
,"/Users/jonatanmachado/Documents/thinkworld/interno/api-saas/src/core/base-classes.ts": {"path":"/Users/jonatanmachado/Documents/thinkworld/interno/api-saas/src/core/base-classes.ts","statementMap":{"0":{"start":{"line":1,"column":0},"end":{"line":1,"column":36}},"1":{"start":{"line":8,"column":4},"end":{"line":8,"column":38}},"2":{"start":{"line":9,"column":4},"end":{"line":9,"column":23}},"3":{"start":{"line":13,"column":4},"end":{"line":13,"column":20}},"4":{"start":{"line":3,"column":0},"end":{"line":3,"column":22}}},"fnMap":{"0":{"name":"(anonymous_0)","decl":{"start":{"line":7,"column":2},"end":{"line":7,"column":14}},"loc":{"start":{"line":7,"column":35},"end":{"line":10,"column":3}}},"1":{"name":"(anonymous_1)","decl":{"start":{"line":12,"column":2},"end":{"line":12,"column":6}},"loc":{"start":{"line":12,"column":8},"end":{"line":14,"column":3}}}},"branchMap":{"0":{"loc":{"start":{"line":8,"column":15},"end":{"line":8,"column":37}},"type":"cond-expr","locations":[{"start":{"line":8,"column":20},"end":{"line":8,"column":22}},{"start":{"line":8,"column":25},"end":{"line":8,"column":37}}]}},"s":{"0":9,"1":63,"2":63,"3":165,"4":9},"f":{"0":63,"1":165},"b":{"0":[49,14]}}
,"/Users/jonatanmachado/Documents/thinkworld/interno/api-saas/src/core/decorators/current-user.decorator.ts": {"path":"/Users/jonatanmachado/Documents/thinkworld/interno/api-saas/src/core/decorators/current-user.decorator.ts","statementMap":{"0":{"start":{"line":1,"column":0},"end":{"line":1,"column":72}},"1":{"start":{"line":3,"column":13},"end":{"line":8,"column":2}},"2":{"start":{"line":5,"column":20},"end":{"line":5,"column":51}},"3":{"start":{"line":6,"column":4},"end":{"line":6,"column":24}}},"fnMap":{"0":{"name":"(anonymous_0)","decl":{"start":{"line":4,"column":2},"end":{"line":4,"column":3}},"loc":{"start":{"line":4,"column":43},"end":{"line":7,"column":3}}}},"branchMap":{},"s":{"0":0,"1":0,"2":0,"3":0},"f":{"0":0},"b":{}}
,"/Users/jonatanmachado/Documents/thinkworld/interno/api-saas/src/core/decorators/roles.decorator.ts": {"path":"/Users/jonatanmachado/Documents/thinkworld/interno/api-saas/src/core/decorators/roles.decorator.ts","statementMap":{"0":{"start":{"line":1,"column":0},"end":{"line":1,"column":45}},"1":{"start":{"line":4,"column":21},"end":{"line":4,"column":74}},"2":{"start":{"line":4,"column":47},"end":{"line":4,"column":74}},"3":{"start":{"line":4,"column":13},"end":{"line":4,"column":21}}},"fnMap":{"0":{"name":"(anonymous_0)","decl":{"start":{"line":4,"column":21},"end":{"line":4,"column":22}},"loc":{"start":{"line":4,"column":47},"end":{"line":4,"column":74}}}},"branchMap":{},"s":{"0":0,"1":0,"2":0,"3":0},"f":{"0":0},"b":{}}
,"/Users/jonatanmachado/Documents/thinkworld/interno/api-saas/src/core/filters/all-exceptions.filter.ts": {"path":"/Users/jonatanmachado/Documents/thinkworld/interno/api-saas/src/core/filters/all-exceptions.filter.ts","statementMap":{"0":{"start":{"line":1,"column":0},"end":{"line":1,"column":null}},"1":{"start":{"line":9,"column":0},"end":{"line":9,"column":47}},"2":{"start":{"line":12,"column":32},"end":{"line":45,"column":null}},"3":{"start":{"line":13,"column":28},"end":{"line":13,"column":64}},"4":{"start":{"line":15,"column":31},"end":{"line":15,"column":48}},"5":{"start":{"line":18,"column":28},"end":{"line":18,"column":48}},"6":{"start":{"line":20,"column":16},"end":{"line":20,"column":35}},"7":{"start":{"line":23,"column":6},"end":{"line":25,"column":42}},"8":{"start":{"line":27,"column":25},"end":{"line":37,"column":6}},"9":{"start":{"line":39,"column":4},"end":{"line":41,"column":5}},"10":{"start":{"line":40,"column":6},"end":{"line":40,"column":35}},"11":{"start":{"line":43,"column":4},"end":{"line":43,"column":67}},"12":{"start":{"line":12,"column":13},"end":{"line":12,"column":32}},"13":{"start":{"line":12,"column":13},"end":{"line":45,"column":null}}},"fnMap":{"0":{"name":"(anonymous_2)","decl":{"start":{"line":15,"column":2},"end":{"line":15,"column":31}},"loc":{"start":{"line":15,"column":63},"end":{"line":15,"column":68}}},"1":{"name":"(anonymous_3)","decl":{"start":{"line":17,"column":2},"end":{"line":17,"column":7}},"loc":{"start":{"line":17,"column":47},"end":{"line":44,"column":3}}}},"branchMap":{"0":{"loc":{"start":{"line":23,"column":6},"end":{"line":25,"column":42}},"type":"cond-expr","locations":[{"start":{"line":24,"column":10},"end":{"line":24,"column":31}},{"start":{"line":25,"column":10},"end":{"line":25,"column":42}}]},"1":{"loc":{"start":{"line":33,"column":8},"end":{"line":35,"column":35}},"type":"cond-expr","locations":[{"start":{"line":34,"column":12},"end":{"line":34,"column":29}},{"start":{"line":35,"column":12},"end":{"line":35,"column":35}}]},"2":{"loc":{"start":{"line":36,"column":15},"end":{"line":36,"column":82}},"type":"cond-expr","locations":[{"start":{"line":36,"column":52},"end":{"line":36,"column":75}},{"start":{"line":36,"column":78},"end":{"line":36,"column":82}}]},"3":{"loc":{"start":{"line":39,"column":4},"end":{"line":41,"column":5}},"type":"if","locations":[{"start":{"line":39,"column":4},"end":{"line":41,"column":5}},{"start":{},"end":{}}]}},"s":{"0":0,"1":0,"2":0,"3":0,"4":0,"5":0,"6":0,"7":0,"8":0,"9":0,"10":0,"11":0,"12":0,"13":0},"f":{"0":0,"1":0},"b":{"0":[0,0],"1":[0,0],"2":[0,0],"3":[0,0]}}
,"/Users/jonatanmachado/Documents/thinkworld/interno/api-saas/src/core/guards/roles.guard.ts": {"path":"/Users/jonatanmachado/Documents/thinkworld/interno/api-saas/src/core/guards/roles.guard.ts","statementMap":{"0":{"start":{"line":1,"column":0},"end":{"line":1,"column":95}},"1":{"start":{"line":2,"column":0},"end":{"line":2,"column":41}},"2":{"start":{"line":6,"column":7},"end":{"line":23,"column":null}},"3":{"start":{"line":7,"column":22},"end":{"line":7,"column":33}},"4":{"start":{"line":10,"column":26},"end":{"line":13,"column":6}},"5":{"start":{"line":14,"column":4},"end":{"line":16,"column":5}},"6":{"start":{"line":15,"column":6},"end":{"line":15,"column":18}},"7":{"start":{"line":17,"column":21},"end":{"line":17,"column":56}},"8":{"start":{"line":18,"column":4},"end":{"line":20,"column":5}},"9":{"start":{"line":19,"column":6},"end":{"line":19,"column":57}},"10":{"start":{"line":21,"column":4},"end":{"line":21,"column":16}},"11":{"start":{"line":6,"column":13},"end":{"line":6,"column":23}},"12":{"start":{"line":6,"column":13},"end":{"line":23,"column":null}}},"fnMap":{"0":{"name":"(anonymous_2)","decl":{"start":{"line":7,"column":2},"end":{"line":7,"column":22}},"loc":{"start":{"line":7,"column":42},"end":{"line":7,"column":46}}},"1":{"name":"(anonymous_3)","decl":{"start":{"line":9,"column":2},"end":{"line":9,"column":13}},"loc":{"start":{"line":9,"column":39},"end":{"line":22,"column":3}}}},"branchMap":{"0":{"loc":{"start":{"line":14,"column":4},"end":{"line":16,"column":5}},"type":"if","locations":[{"start":{"line":14,"column":4},"end":{"line":16,"column":5}},{"start":{},"end":{}}]},"1":{"loc":{"start":{"line":18,"column":4},"end":{"line":20,"column":5}},"type":"if","locations":[{"start":{"line":18,"column":4},"end":{"line":20,"column":5}},{"start":{},"end":{}}]},"2":{"loc":{"start":{"line":18,"column":8},"end":{"line":18,"column":51}},"type":"binary-expr","locations":[{"start":{"line":18,"column":8},"end":{"line":18,"column":13}},{"start":{"line":18,"column":17},"end":{"line":18,"column":51}}]}},"s":{"0":0,"1":0,"2":0,"3":0,"4":0,"5":0,"6":0,"7":0,"8":0,"9":0,"10":0,"11":0,"12":0},"f":{"0":0,"1":0},"b":{"0":[0,0],"1":[0,0],"2":[0,0]}}
,"/Users/jonatanmachado/Documents/thinkworld/interno/api-saas/src/core/pipes/empty-string-to-null.pipe.ts": {"path":"/Users/jonatanmachado/Documents/thinkworld/interno/api-saas/src/core/pipes/empty-string-to-null.pipe.ts","statementMap":{"0":{"start":{"line":1,"column":0},"end":{"line":1,"column":77}},"1":{"start":{"line":4,"column":7},"end":{"line":21,"column":null}},"2":{"start":{"line":6,"column":4},"end":{"line":8,"column":5}},"3":{"start":{"line":7,"column":6},"end":{"line":7,"column":41}},"4":{"start":{"line":9,"column":4},"end":{"line":9,"column":17}},"5":{"start":{"line":13,"column":19},"end":{"line":13,"column":29}},"6":{"start":{"line":14,"column":4},"end":{"line":18,"column":5}},"7":{"start":{"line":15,"column":6},"end":{"line":17,"column":7}},"8":{"start":{"line":16,"column":8},"end":{"line":16,"column":32}},"9":{"start":{"line":19,"column":4},"end":{"line":19,"column":18}},"10":{"start":{"line":4,"column":13},"end":{"line":4,"column":34}},"11":{"start":{"line":4,"column":13},"end":{"line":21,"column":null}}},"fnMap":{"0":{"name":"(anonymous_1)","decl":{"start":{"line":5,"column":2},"end":{"line":5,"column":11}},"loc":{"start":{"line":5,"column":50},"end":{"line":10,"column":3}}},"1":{"name":"(anonymous_2)","decl":{"start":{"line":12,"column":10},"end":{"line":12,"column":25}},"loc":{"start":{"line":12,"column":34},"end":{"line":20,"column":3}}}},"branchMap":{"0":{"loc":{"start":{"line":6,"column":4},"end":{"line":8,"column":5}},"type":"if","locations":[{"start":{"line":6,"column":4},"end":{"line":8,"column":5}},{"start":{},"end":{}}]},"1":{"loc":{"start":{"line":6,"column":8},"end":{"line":6,"column":51}},"type":"binary-expr","locations":[{"start":{"line":6,"column":8},"end":{"line":6,"column":33}},{"start":{"line":6,"column":37},"end":{"line":6,"column":51}}]},"2":{"loc":{"start":{"line":15,"column":6},"end":{"line":17,"column":7}},"type":"if","locations":[{"start":{"line":15,"column":6},"end":{"line":17,"column":7}},{"start":{},"end":{}}]},"3":{"loc":{"start":{"line":15,"column":10},"end":{"line":15,"column":52}},"type":"binary-expr","locations":[{"start":{"line":15,"column":10},"end":{"line":15,"column":28}},{"start":{"line":15,"column":32},"end":{"line":15,"column":52}}]}},"s":{"0":0,"1":0,"2":0,"3":0,"4":0,"5":0,"6":0,"7":0,"8":0,"9":0,"10":0,"11":0},"f":{"0":0,"1":0},"b":{"0":[0,0],"1":[0,0],"2":[0,0],"3":[0,0]}}
,"/Users/jonatanmachado/Documents/thinkworld/interno/api-saas/src/modules/admin/admin.module.ts": {"path":"/Users/jonatanmachado/Documents/thinkworld/interno/api-saas/src/modules/admin/admin.module.ts","statementMap":{"0":{"start":{"line":1,"column":0},"end":{"line":1,"column":40}},"1":{"start":{"line":2,"column":0},"end":{"line":2,"column":76}},"2":{"start":{"line":3,"column":0},"end":{"line":3,"column":84}},"3":{"start":{"line":4,"column":0},"end":{"line":4,"column":103}},"4":{"start":{"line":5,"column":0},"end":{"line":5,"column":null}},"5":{"start":{"line":13,"column":0},"end":{"line":13,"column":46}},"6":{"start":{"line":30,"column":7},"end":{"line":30,"column":null}},"7":{"start":{"line":30,"column":13},"end":{"line":30,"column":24}},"8":{"start":{"line":30,"column":13},"end":{"line":30,"column":null}}},"fnMap":{},"branchMap":{},"s":{"0":0,"1":0,"2":0,"3":0,"4":0,"5":0,"6":0,"7":0,"8":0},"f":{},"b":{}}
,"/Users/jonatanmachado/Documents/thinkworld/interno/api-saas/src/modules/admin/application/use-cases/admin-mgmt.use-cases.ts": {"path":"/Users/jonatanmachado/Documents/thinkworld/interno/api-saas/src/modules/admin/application/use-cases/admin-mgmt.use-cases.ts","statementMap":{"0":{"start":{"line":1,"column":0},"end":{"line":1,"column":84}},"1":{"start":{"line":2,"column":0},"end":{"line":2,"column":63}},"2":{"start":{"line":5,"column":7},"end":{"line":34,"column":null}},"3":{"start":{"line":6,"column":31},"end":{"line":6,"column":39}},"4":{"start":{"line":9,"column":17},"end":{"line":11,"column":6}},"5":{"start":{"line":13,"column":28},"end":{"line":15,"column":6}},"6":{"start":{"line":17,"column":4},"end":{"line":32,"column":6}},"7":{"start":{"line":18,"column":38},"end":{"line":27,"column":8}},"8":{"start":{"line":28,"column":62},"end":{"line":31,"column":8}},"9":{"start":{"line":5,"column":13},"end":{"line":5,"column":42}},"10":{"start":{"line":5,"column":13},"end":{"line":34,"column":null}},"11":{"start":{"line":44,"column":7},"end":{"line":76,"column":null}},"12":{"start":{"line":45,"column":31},"end":{"line":45,"column":39}},"13":{"start":{"line":48,"column":24},"end":{"line":50,"column":6}},"14":{"start":{"line":52,"column":4},"end":{"line":54,"column":5}},"15":{"start":{"line":53,"column":6},"end":{"line":53,"column":71}},"16":{"start":{"line":56,"column":25},"end":{"line":63,"column":6}},"17":{"start":{"line":65,"column":4},"end":{"line":74,"column":6}},"18":{"start":{"line":44,"column":13},"end":{"line":44,"column":43}},"19":{"start":{"line":44,"column":13},"end":{"line":76,"column":null}},"20":{"start":{"line":85,"column":7},"end":{"line":117,"column":null}},"21":{"start":{"line":86,"column":31},"end":{"line":86,"column":39}},"22":{"start":{"line":89,"column":24},"end":{"line":91,"column":6}},"23":{"start":{"line":93,"column":4},"end":{"line":95,"column":5}},"24":{"start":{"line":94,"column":6},"end":{"line":94,"column":60}},"25":{"start":{"line":97,"column":25},"end":{"line":104,"column":6}},"26":{"start":{"line":106,"column":4},"end":{"line":115,"column":6}},"27":{"start":{"line":85,"column":13},"end":{"line":85,"column":43}},"28":{"start":{"line":85,"column":13},"end":{"line":117,"column":null}},"29":{"start":{"line":120,"column":7},"end":{"line":148,"column":null}},"30":{"start":{"line":121,"column":31},"end":{"line":121,"column":39}},"31":{"start":{"line":124,"column":19},"end":{"line":126,"column":6}},"32":{"start":{"line":128,"column":18},"end":{"line":130,"column":6}},"33":{"start":{"line":132,"column":4},"end":{"line":146,"column":6}},"34":{"start":{"line":133,"column":33},"end":{"line":141,"column":8}},"35":{"start":{"line":142,"column":31},"end":{"line":145,"column":8}},"36":{"start":{"line":120,"column":13},"end":{"line":120,"column":33}},"37":{"start":{"line":120,"column":13},"end":{"line":148,"column":null}},"38":{"start":{"line":158,"column":7},"end":{"line":183,"column":null}},"39":{"start":{"line":159,"column":31},"end":{"line":159,"column":39}},"40":{"start":{"line":162,"column":18},"end":{"line":169,"column":6}},"41":{"start":{"line":171,"column":4},"end":{"line":181,"column":6}},"42":{"start":{"line":158,"column":13},"end":{"line":158,"column":36}},"43":{"start":{"line":158,"column":13},"end":{"line":183,"column":null}},"44":{"start":{"line":186,"column":7},"end":{"line":204,"column":null}},"45":{"start":{"line":187,"column":31},"end":{"line":187,"column":39}},"46":{"start":{"line":190,"column":18},"end":{"line":192,"column":6}},"47":{"start":{"line":194,"column":4},"end":{"line":196,"column":5}},"48":{"start":{"line":195,"column":6},"end":{"line":195,"column":53}},"49":{"start":{"line":198,"column":4},"end":{"line":200,"column":7}},"50":{"start":{"line":202,"column":4},"end":{"line":202,"column":29}},"51":{"start":{"line":186,"column":13},"end":{"line":186,"column":36}},"52":{"start":{"line":186,"column":13},"end":{"line":204,"column":null}}},"fnMap":{"0":{"name":"(anonymous_2)","decl":{"start":{"line":6,"column":2},"end":{"line":6,"column":31}},"loc":{"start":{"line":6,"column":52},"end":{"line":6,"column":56}}},"1":{"name":"(anonymous_3)","decl":{"start":{"line":8,"column":2},"end":{"line":8,"column":7}},"loc":{"start":{"line":8,"column":15},"end":{"line":33,"column":3}}},"2":{"name":"(anonymous_4)","decl":{"start":{"line":18,"column":30},"end":{"line":18,"column":31}},"loc":{"start":{"line":18,"column":38},"end":{"line":27,"column":8}}},"3":{"name":"(anonymous_5)","decl":{"start":{"line":28,"column":54},"end":{"line":28,"column":55}},"loc":{"start":{"line":28,"column":62},"end":{"line":31,"column":8}}},"4":{"name":"(anonymous_6)","decl":{"start":{"line":45,"column":2},"end":{"line":45,"column":31}},"loc":{"start":{"line":45,"column":52},"end":{"line":45,"column":56}}},"5":{"name":"(anonymous_7)","decl":{"start":{"line":47,"column":2},"end":{"line":47,"column":7}},"loc":{"start":{"line":47,"column":51},"end":{"line":75,"column":3}}},"6":{"name":"(anonymous_8)","decl":{"start":{"line":86,"column":2},"end":{"line":86,"column":31}},"loc":{"start":{"line":86,"column":52},"end":{"line":86,"column":56}}},"7":{"name":"(anonymous_9)","decl":{"start":{"line":88,"column":2},"end":{"line":88,"column":7}},"loc":{"start":{"line":88,"column":75},"end":{"line":116,"column":3}}},"8":{"name":"(anonymous_10)","decl":{"start":{"line":121,"column":2},"end":{"line":121,"column":31}},"loc":{"start":{"line":121,"column":52},"end":{"line":121,"column":56}}},"9":{"name":"(anonymous_11)","decl":{"start":{"line":123,"column":2},"end":{"line":123,"column":7}},"loc":{"start":{"line":123,"column":15},"end":{"line":147,"column":3}}},"10":{"name":"(anonymous_12)","decl":{"start":{"line":133,"column":25},"end":{"line":133,"column":26}},"loc":{"start":{"line":133,"column":33},"end":{"line":141,"column":8}}},"11":{"name":"(anonymous_13)","decl":{"start":{"line":142,"column":23},"end":{"line":142,"column":24}},"loc":{"start":{"line":142,"column":31},"end":{"line":145,"column":8}}},"12":{"name":"(anonymous_14)","decl":{"start":{"line":159,"column":2},"end":{"line":159,"column":31}},"loc":{"start":{"line":159,"column":52},"end":{"line":159,"column":56}}},"13":{"name":"(anonymous_15)","decl":{"start":{"line":161,"column":2},"end":{"line":161,"column":7}},"loc":{"start":{"line":161,"column":44},"end":{"line":182,"column":3}}},"14":{"name":"(anonymous_16)","decl":{"start":{"line":187,"column":2},"end":{"line":187,"column":31}},"loc":{"start":{"line":187,"column":52},"end":{"line":187,"column":56}}},"15":{"name":"(anonymous_17)","decl":{"start":{"line":189,"column":2},"end":{"line":189,"column":7}},"loc":{"start":{"line":189,"column":31},"end":{"line":203,"column":3}}}},"branchMap":{"0":{"loc":{"start":{"line":52,"column":4},"end":{"line":54,"column":5}},"type":"if","locations":[{"start":{"line":52,"column":4},"end":{"line":54,"column":5}},{"start":{},"end":{}}]},"1":{"loc":{"start":{"line":60,"column":17},"end":{"line":60,"column":56}},"type":"binary-expr","locations":[{"start":{"line":60,"column":17},"end":{"line":60,"column":44}},{"start":{"line":60,"column":48},"end":{"line":60,"column":56}}]},"2":{"loc":{"start":{"line":61,"column":17},"end":{"line":61,"column":36}},"type":"binary-expr","locations":[{"start":{"line":61,"column":17},"end":{"line":61,"column":30}},{"start":{"line":61,"column":34},"end":{"line":61,"column":36}}]},"3":{"loc":{"start":{"line":93,"column":4},"end":{"line":95,"column":5}},"type":"if","locations":[{"start":{"line":93,"column":4},"end":{"line":95,"column":5}},{"start":{},"end":{}}]},"4":{"loc":{"start":{"line":100,"column":12},"end":{"line":100,"column":67}},"type":"binary-expr","locations":[{"start":{"line":100,"column":12},"end":{"line":100,"column":22}},{"start":{"line":100,"column":26},"end":{"line":100,"column":67}}]},"5":{"loc":{"start":{"line":101,"column":12},"end":{"line":101,"column":73}},"type":"binary-expr","locations":[{"start":{"line":101,"column":12},"end":{"line":101,"column":24}},{"start":{"line":101,"column":28},"end":{"line":101,"column":73}}]},"6":{"loc":{"start":{"line":102,"column":12},"end":{"line":102,"column":69}},"type":"binary-expr","locations":[{"start":{"line":102,"column":12},"end":{"line":102,"column":39}},{"start":{"line":102,"column":43},"end":{"line":102,"column":69}}]},"7":{"loc":{"start":{"line":194,"column":4},"end":{"line":196,"column":5}},"type":"if","locations":[{"start":{"line":194,"column":4},"end":{"line":196,"column":5}},{"start":{},"end":{}}]}},"s":{"0":0,"1":0,"2":0,"3":0,"4":0,"5":0,"6":0,"7":0,"8":0,"9":0,"10":0,"11":0,"12":0,"13":0,"14":0,"15":0,"16":0,"17":0,"18":0,"19":0,"20":0,"21":0,"22":0,"23":0,"24":0,"25":0,"26":0,"27":0,"28":0,"29":0,"30":0,"31":0,"32":0,"33":0,"34":0,"35":0,"36":0,"37":0,"38":0,"39":0,"40":0,"41":0,"42":0,"43":0,"44":0,"45":0,"46":0,"47":0,"48":0,"49":0,"50":0,"51":0,"52":0},"f":{"0":0,"1":0,"2":0,"3":0,"4":0,"5":0,"6":0,"7":0,"8":0,"9":0,"10":0,"11":0,"12":0,"13":0,"14":0,"15":0},"b":{"0":[0,0],"1":[0,0],"2":[0,0],"3":[0,0],"4":[0,0],"5":[0,0],"6":[0,0],"7":[0,0]}}
,"/Users/jonatanmachado/Documents/thinkworld/interno/api-saas/src/modules/admin/application/use-cases/admin-stats.use-case.ts": {"path":"/Users/jonatanmachado/Documents/thinkworld/interno/api-saas/src/modules/admin/application/use-cases/admin-stats.use-case.ts","statementMap":{"0":{"start":{"line":1,"column":0},"end":{"line":1,"column":44}},"1":{"start":{"line":2,"column":0},"end":{"line":2,"column":63}},"2":{"start":{"line":5,"column":7},"end":{"line":23,"column":null}},"3":{"start":{"line":6,"column":31},"end":{"line":6,"column":39}},"4":{"start":{"line":9,"column":23},"end":{"line":9,"column":53}},"5":{"start":{"line":10,"column":24},"end":{"line":10,"column":55}},"6":{"start":{"line":11,"column":31},"end":{"line":11,"column":69}},"7":{"start":{"line":12,"column":29},"end":{"line":14,"column":6}},"8":{"start":{"line":16,"column":4},"end":{"line":21,"column":6}},"9":{"start":{"line":5,"column":13},"end":{"line":5,"column":33}},"10":{"start":{"line":5,"column":13},"end":{"line":23,"column":null}}},"fnMap":{"0":{"name":"(anonymous_2)","decl":{"start":{"line":6,"column":2},"end":{"line":6,"column":31}},"loc":{"start":{"line":6,"column":52},"end":{"line":6,"column":56}}},"1":{"name":"(anonymous_3)","decl":{"start":{"line":8,"column":2},"end":{"line":8,"column":7}},"loc":{"start":{"line":8,"column":15},"end":{"line":22,"column":3}}}},"branchMap":{},"s":{"0":0,"1":0,"2":0,"3":0,"4":0,"5":0,"6":0,"7":0,"8":0,"9":0,"10":0},"f":{"0":0,"1":0},"b":{}}
,"/Users/jonatanmachado/Documents/thinkworld/interno/api-saas/src/modules/admin/application/use-cases/admin-user.use-cases.ts": {"path":"/Users/jonatanmachado/Documents/thinkworld/interno/api-saas/src/modules/admin/application/use-cases/admin-user.use-cases.ts","statementMap":{"0":{"start":{"line":1,"column":0},"end":{"line":1,"column":63}},"1":{"start":{"line":2,"column":0},"end":{"line":2,"column":63}},"2":{"start":{"line":5,"column":7},"end":{"line":26,"column":null}},"3":{"start":{"line":6,"column":31},"end":{"line":6,"column":39}},"4":{"start":{"line":9,"column":18},"end":{"line":12,"column":6}},"5":{"start":{"line":14,"column":4},"end":{"line":24,"column":8}},"6":{"start":{"line":14,"column":29},"end":{"line":24,"column":6}},"7":{"start":{"line":5,"column":13},"end":{"line":5,"column":29}},"8":{"start":{"line":5,"column":13},"end":{"line":26,"column":null}},"9":{"start":{"line":29,"column":7},"end":{"line":45,"column":null}},"10":{"start":{"line":30,"column":31},"end":{"line":30,"column":39}},"11":{"start":{"line":33,"column":17},"end":{"line":33,"column":77}},"12":{"start":{"line":34,"column":4},"end":{"line":36,"column":5}},"13":{"start":{"line":35,"column":6},"end":{"line":35,"column":52}},"14":{"start":{"line":38,"column":22},"end":{"line":38,"column":67}},"15":{"start":{"line":40,"column":4},"end":{"line":43,"column":7}},"16":{"start":{"line":29,"column":13},"end":{"line":29,"column":34}},"17":{"start":{"line":29,"column":13},"end":{"line":45,"column":null}}},"fnMap":{"0":{"name":"(anonymous_2)","decl":{"start":{"line":6,"column":2},"end":{"line":6,"column":31}},"loc":{"start":{"line":6,"column":52},"end":{"line":6,"column":56}}},"1":{"name":"(anonymous_3)","decl":{"start":{"line":8,"column":2},"end":{"line":8,"column":7}},"loc":{"start":{"line":8,"column":15},"end":{"line":25,"column":3}}},"2":{"name":"(anonymous_4)","decl":{"start":{"line":14,"column":21},"end":{"line":14,"column":22}},"loc":{"start":{"line":14,"column":29},"end":{"line":24,"column":6}}},"3":{"name":"(anonymous_5)","decl":{"start":{"line":30,"column":2},"end":{"line":30,"column":31}},"loc":{"start":{"line":30,"column":52},"end":{"line":30,"column":56}}},"4":{"name":"(anonymous_6)","decl":{"start":{"line":32,"column":2},"end":{"line":32,"column":7}},"loc":{"start":{"line":32,"column":44},"end":{"line":44,"column":3}}}},"branchMap":{"0":{"loc":{"start":{"line":21,"column":12},"end":{"line":21,"column":54}},"type":"binary-expr","locations":[{"start":{"line":21,"column":12},"end":{"line":21,"column":46}},{"start":{"line":21,"column":50},"end":{"line":21,"column":54}}]},"1":{"loc":{"start":{"line":22,"column":14},"end":{"line":22,"column":58}},"type":"binary-expr","locations":[{"start":{"line":22,"column":14},"end":{"line":22,"column":50}},{"start":{"line":22,"column":54},"end":{"line":22,"column":58}}]},"2":{"loc":{"start":{"line":23,"column":15},"end":{"line":23,"column":43}},"type":"binary-expr","locations":[{"start":{"line":23,"column":15},"end":{"line":23,"column":38}},{"start":{"line":23,"column":42},"end":{"line":23,"column":43}}]},"3":{"loc":{"start":{"line":34,"column":4},"end":{"line":36,"column":5}},"type":"if","locations":[{"start":{"line":34,"column":4},"end":{"line":36,"column":5}},{"start":{},"end":{}}]},"4":{"loc":{"start":{"line":38,"column":22},"end":{"line":38,"column":67}},"type":"cond-expr","locations":[{"start":{"line":38,"column":40},"end":{"line":38,"column":46}},{"start":{"line":38,"column":49},"end":{"line":38,"column":67}}]}},"s":{"0":0,"1":0,"2":0,"3":0,"4":0,"5":0,"6":0,"7":0,"8":0,"9":0,"10":0,"11":0,"12":0,"13":0,"14":0,"15":0,"16":0,"17":0},"f":{"0":0,"1":0,"2":0,"3":0,"4":0},"b":{"0":[0,0],"1":[0,0],"2":[0,0],"3":[0,0],"4":[0,0]}}
,"/Users/jonatanmachado/Documents/thinkworld/interno/api-saas/src/modules/admin/infra/http/controllers/admin.controller.ts": {"path":"/Users/jonatanmachado/Documents/thinkworld/interno/api-saas/src/modules/admin/infra/http/controllers/admin.controller.ts","statementMap":{"0":{"start":{"line":1,"column":0},"end":{"line":1,"column":114}},"1":{"start":{"line":2,"column":0},"end":{"line":2,"column":84}},"2":{"start":{"line":3,"column":0},"end":{"line":3,"column":77}},"3":{"start":{"line":4,"column":0},"end":{"line":4,"column":68}},"4":{"start":{"line":5,"column":0},"end":{"line":5,"column":71}},"5":{"start":{"line":6,"column":0},"end":{"line":6,"column":71}},"6":{"start":{"line":7,"column":0},"end":{"line":7,"column":91}},"7":{"start":{"line":8,"column":0},"end":{"line":8,"column":110}},"8":{"start":{"line":9,"column":0},"end":{"line":9,"column":null}},"9":{"start":{"line":17,"column":0},"end":{"line":17,"column":null}},"10":{"start":{"line":29,"column":7},"end":{"line":114,"column":null}},"11":{"start":{"line":31,"column":21},"end":{"line":31,"column":35}},"12":{"start":{"line":32,"column":21},"end":{"line":32,"column":39}},"13":{"start":{"line":33,"column":21},"end":{"line":33,"column":40}},"14":{"start":{"line":34,"column":21},"end":{"line":34,"column":38}},"15":{"start":{"line":35,"column":21},"end":{"line":35,"column":39}},"16":{"start":{"line":36,"column":21},"end":{"line":36,"column":39}},"17":{"start":{"line":37,"column":21},"end":{"line":37,"column":40}},"18":{"start":{"line":38,"column":21},"end":{"line":38,"column":41}},"19":{"start":{"line":39,"column":21},"end":{"line":39,"column":41}},"20":{"start":{"line":47,"column":4},"end":{"line":47,"column":39}},"21":{"start":{"line":54,"column":4},"end":{"line":54,"column":43}},"22":{"start":{"line":62,"column":4},"end":{"line":62,"column":60}},"23":{"start":{"line":63,"column":4},"end":{"line":63,"column":29}},"24":{"start":{"line":70,"column":4},"end":{"line":70,"column":42}},"25":{"start":{"line":78,"column":4},"end":{"line":78,"column":47}},"26":{"start":{"line":89,"column":4},"end":{"line":89,"column":63}},"27":{"start":{"line":96,"column":4},"end":{"line":96,"column":44}},"28":{"start":{"line":104,"column":4},"end":{"line":104,"column":49}},"29":{"start":{"line":112,"column":4},"end":{"line":112,"column":52}},"30":{"start":{"line":29,"column":13},"end":{"line":29,"column":28}},"31":{"start":{"line":46,"column":8},"end":{"line":48,"column":null}},"32":{"start":{"line":53,"column":8},"end":{"line":55,"column":null}},"33":{"start":{"line":61,"column":8},"end":{"line":64,"column":null}},"34":{"start":{"line":69,"column":8},"end":{"line":71,"column":null}},"35":{"start":{"line":77,"column":8},"end":{"line":79,"column":null}},"36":{"start":{"line":85,"column":8},"end":{"line":90,"column":null}},"37":{"start":{"line":95,"column":8},"end":{"line":97,"column":null}},"38":{"start":{"line":103,"column":8},"end":{"line":105,"column":null}},"39":{"start":{"line":111,"column":8},"end":{"line":113,"column":null}},"40":{"start":{"line":29,"column":13},"end":{"line":114,"column":null}}},"fnMap":{"0":{"name":"(anonymous_4)","decl":{"start":{"line":30,"column":2},"end":{"line":30,"column":null}},"loc":{"start":{"line":39,"column":64},"end":{"line":40,"column":6}}},"1":{"name":"(anonymous_5)","decl":{"start":{"line":46,"column":8},"end":{"line":46,"column":16}},"loc":{"start":{"line":46,"column":16},"end":{"line":48,"column":3}}},"2":{"name":"(anonymous_6)","decl":{"start":{"line":53,"column":8},"end":{"line":53,"column":17}},"loc":{"start":{"line":53,"column":17},"end":{"line":55,"column":3}}},"3":{"name":"(anonymous_7)","decl":{"start":{"line":61,"column":8},"end":{"line":61,"column":18}},"loc":{"start":{"line":61,"column":84},"end":{"line":64,"column":3}}},"4":{"name":"(anonymous_8)","decl":{"start":{"line":69,"column":8},"end":{"line":69,"column":25}},"loc":{"start":{"line":69,"column":25},"end":{"line":71,"column":3}}},"5":{"name":"(anonymous_9)","decl":{"start":{"line":77,"column":8},"end":{"line":77,"column":26}},"loc":{"start":{"line":77,"column":67},"end":{"line":79,"column":3}}},"6":{"name":"(anonymous_10)","decl":{"start":{"line":85,"column":8},"end":{"line":85,"column":26}},"loc":{"start":{"line":87,"column":44},"end":{"line":90,"column":3}}},"7":{"name":"(anonymous_11)","decl":{"start":{"line":95,"column":8},"end":{"line":95,"column":18}},"loc":{"start":{"line":95,"column":18},"end":{"line":97,"column":3}}},"8":{"name":"(anonymous_12)","decl":{"start":{"line":103,"column":8},"end":{"line":103,"column":19}},"loc":{"start":{"line":103,"column":53},"end":{"line":105,"column":3}}},"9":{"name":"(anonymous_13)","decl":{"start":{"line":111,"column":8},"end":{"line":111,"column":19}},"loc":{"start":{"line":111,"column":54},"end":{"line":113,"column":3}}}},"branchMap":{},"s":{"0":0,"1":0,"2":0,"3":0,"4":0,"5":0,"6":0,"7":0,"8":0,"9":0,"10":0,"11":0,"12":0,"13":0,"14":0,"15":0,"16":0,"17":0,"18":0,"19":0,"20":0,"21":0,"22":0,"23":0,"24":0,"25":0,"26":0,"27":0,"28":0,"29":0,"30":0,"31":0,"32":0,"33":0,"34":0,"35":0,"36":0,"37":0,"38":0,"39":0,"40":0},"f":{"0":0,"1":0,"2":0,"3":0,"4":0,"5":0,"6":0,"7":0,"8":0,"9":0},"b":{}}
,"/Users/jonatanmachado/Documents/thinkworld/interno/api-saas/src/modules/admin/infra/http/dtos/admin.dto.ts": {"path":"/Users/jonatanmachado/Documents/thinkworld/interno/api-saas/src/modules/admin/infra/http/dtos/admin.dto.ts","statementMap":{"0":{"start":{"line":1,"column":0},"end":{"line":1,"column":94}},"1":{"start":{"line":2,"column":0},"end":{"line":2,"column":67}},"2":{"start":{"line":4,"column":0},"end":{"line":4,"column":null}},"3":{"start":{"line":5,"column":2},"end":{"line":5,"column":null}},"4":{"start":{"line":6,"column":2},"end":{"line":6,"column":null}},"5":{"start":{"line":7,"column":2},"end":{"line":7,"column":null}},"6":{"start":{"line":8,"column":2},"end":{"line":8,"column":null}},"7":{"start":{"line":11,"column":0},"end":{"line":11,"column":null}},"8":{"start":{"line":12,"column":2},"end":{"line":12,"column":null}},"9":{"start":{"line":13,"column":2},"end":{"line":13,"column":null}},"10":{"start":{"line":14,"column":2},"end":{"line":14,"column":null}},"11":{"start":{"line":17,"column":0},"end":{"line":17,"column":null}},"12":{"start":{"line":18,"column":2},"end":{"line":18,"column":null}},"13":{"start":{"line":19,"column":2},"end":{"line":19,"column":null}},"14":{"start":{"line":20,"column":2},"end":{"line":20,"column":null}},"15":{"start":{"line":23,"column":0},"end":{"line":23,"column":13}},"16":{"start":{"line":26,"column":2},"end":{"line":26,"column":null}},"17":{"start":{"line":29,"column":0},"end":{"line":29,"column":13}},"18":{"start":{"line":32,"column":2},"end":{"line":32,"column":null}},"19":{"start":{"line":36,"column":2},"end":{"line":36,"column":null}},"20":{"start":{"line":41,"column":2},"end":{"line":41,"column":null}},"21":{"start":{"line":47,"column":2},"end":{"line":47,"column":null}},"22":{"start":{"line":50,"column":0},"end":{"line":50,"column":13}},"23":{"start":{"line":54,"column":2},"end":{"line":54,"column":null}},"24":{"start":{"line":59,"column":2},"end":{"line":59,"column":null}},"25":{"start":{"line":65,"column":2},"end":{"line":65,"column":null}},"26":{"start":{"line":68,"column":0},"end":{"line":68,"column":13}},"27":{"start":{"line":71,"column":2},"end":{"line":71,"column":null}},"28":{"start":{"line":76,"column":2},"end":{"line":76,"column":null}},"29":{"start":{"line":82,"column":2},"end":{"line":82,"column":null}},"30":{"start":{"line":88,"column":2},"end":{"line":88,"column":null}}},"fnMap":{"0":{"name":"(anonymous_2)","decl":{"start":{"line":4,"column":0},"end":{"line":4,"column":12}},"loc":{"start":{"line":4,"column":25},"end":{"line":9,"column":1}}},"1":{"name":"(anonymous_3)","decl":{"start":{"line":11,"column":0},"end":{"line":11,"column":12}},"loc":{"start":{"line":11,"column":25},"end":{"line":15,"column":1}}},"2":{"name":"(anonymous_4)","decl":{"start":{"line":17,"column":0},"end":{"line":17,"column":12}},"loc":{"start":{"line":17,"column":35},"end":{"line":21,"column":1}}}},"branchMap":{"0":{"loc":{"start":{"line":4,"column":12},"end":{"line":4,"column":null}},"type":"binary-expr","locations":[{"start":{"line":4,"column":12},"end":{"line":4,"column":25}},{"start":{"line":4,"column":25},"end":{"line":4,"column":null}}]},"1":{"loc":{"start":{"line":11,"column":12},"end":{"line":11,"column":null}},"type":"binary-expr","locations":[{"start":{"line":11,"column":12},"end":{"line":11,"column":25}},{"start":{"line":11,"column":25},"end":{"line":11,"column":null}}]},"2":{"loc":{"start":{"line":17,"column":12},"end":{"line":17,"column":null}},"type":"binary-expr","locations":[{"start":{"line":17,"column":12},"end":{"line":17,"column":35}},{"start":{"line":17,"column":35},"end":{"line":17,"column":null}}]}},"s":{"0":0,"1":0,"2":0,"3":0,"4":0,"5":0,"6":0,"7":0,"8":0,"9":0,"10":0,"11":0,"12":0,"13":0,"14":0,"15":0,"16":0,"17":0,"18":0,"19":0,"20":0,"21":0,"22":0,"23":0,"24":0,"25":0,"26":0,"27":0,"28":0,"29":0,"30":0},"f":{"0":0,"1":0,"2":0},"b":{"0":[0,0],"1":[0,0],"2":[0,0]}}
,"/Users/jonatanmachado/Documents/thinkworld/interno/api-saas/src/modules/agents/agents.module.ts": {"path":"/Users/jonatanmachado/Documents/thinkworld/interno/api-saas/src/modules/agents/agents.module.ts","statementMap":{"0":{"start":{"line":1,"column":0},"end":{"line":1,"column":40}},"1":{"start":{"line":2,"column":0},"end":{"line":2,"column":85}},"2":{"start":{"line":3,"column":0},"end":{"line":3,"column":76}},"3":{"start":{"line":4,"column":0},"end":{"line":4,"column":null}},"4":{"start":{"line":10,"column":0},"end":{"line":10,"column":46}},"5":{"start":{"line":27,"column":7},"end":{"line":27,"column":null}},"6":{"start":{"line":27,"column":13},"end":{"line":27,"column":25}},"7":{"start":{"line":27,"column":13},"end":{"line":27,"column":null}}},"fnMap":{},"branchMap":{},"s":{"0":0,"1":0,"2":0,"3":0,"4":0,"5":0,"6":0,"7":0},"f":{},"b":{}}
,"/Users/jonatanmachado/Documents/thinkworld/interno/api-saas/src/modules/agents/application/use-cases/agent.use-cases.ts": {"path":"/Users/jonatanmachado/Documents/thinkworld/interno/api-saas/src/modules/agents/application/use-cases/agent.use-cases.ts","statementMap":{"0":{"start":{"line":1,"column":0},"end":{"line":1,"column":91}},"1":{"start":{"line":3,"column":0},"end":{"line":3,"column":76}},"2":{"start":{"line":23,"column":7},"end":{"line":80,"column":null}},"3":{"start":{"line":26,"column":21},"end":{"line":26,"column":53}},"4":{"start":{"line":30,"column":20},"end":{"line":30,"column":83}},"5":{"start":{"line":31,"column":22},"end":{"line":31,"column":71}},"6":{"start":{"line":34,"column":4},"end":{"line":36,"column":5}},"7":{"start":{"line":35,"column":6},"end":{"line":35,"column":98}},"8":{"start":{"line":39,"column":4},"end":{"line":41,"column":5}},"9":{"start":{"line":40,"column":6},"end":{"line":40,"column":131}},"10":{"start":{"line":44,"column":23},"end":{"line":44,"column":104}},"11":{"start":{"line":46,"column":18},"end":{"line":59,"column":6}},"12":{"start":{"line":61,"column":4},"end":{"line":61,"column":43}},"13":{"start":{"line":63,"column":4},"end":{"line":78,"column":6}},"14":{"start":{"line":23,"column":13},"end":{"line":23,"column":31}},"15":{"start":{"line":23,"column":13},"end":{"line":80,"column":null}},"16":{"start":{"line":98,"column":7},"end":{"line":158,"column":null}},"17":{"start":{"line":101,"column":21},"end":{"line":101,"column":53}},"18":{"start":{"line":105,"column":18},"end":{"line":105,"column":62}},"19":{"start":{"line":106,"column":4},"end":{"line":108,"column":5}},"20":{"start":{"line":107,"column":6},"end":{"line":107,"column":53}},"21":{"start":{"line":110,"column":20},"end":{"line":110,"column":83}},"22":{"start":{"line":113,"column":4},"end":{"line":115,"column":5}},"23":{"start":{"line":114,"column":6},"end":{"line":114,"column":127}},"24":{"start":{"line":117,"column":25},"end":{"line":132,"column":null}},"25":{"start":{"line":135,"column":4},"end":{"line":135,"column":50}},"26":{"start":{"line":137,"column":4},"end":{"line":156,"column":6}},"27":{"start":{"line":98,"column":13},"end":{"line":98,"column":31}},"28":{"start":{"line":98,"column":13},"end":{"line":158,"column":null}},"29":{"start":{"line":161,"column":7},"end":{"line":187,"column":null}},"30":{"start":{"line":164,"column":21},"end":{"line":164,"column":53}},"31":{"start":{"line":168,"column":19},"end":{"line":168,"column":94}},"32":{"start":{"line":169,"column":4},"end":{"line":185,"column":8}},"33":{"start":{"line":169,"column":30},"end":{"line":185,"column":6}},"34":{"start":{"line":161,"column":13},"end":{"line":161,"column":30}},"35":{"start":{"line":161,"column":13},"end":{"line":187,"column":null}},"36":{"start":{"line":190,"column":7},"end":{"line":203,"column":null}},"37":{"start":{"line":193,"column":21},"end":{"line":193,"column":53}},"38":{"start":{"line":197,"column":18},"end":{"line":197,"column":57}},"39":{"start":{"line":198,"column":4},"end":{"line":200,"column":5}},"40":{"start":{"line":199,"column":6},"end":{"line":199,"column":53}},"41":{"start":{"line":201,"column":4},"end":{"line":201,"column":42}},"42":{"start":{"line":190,"column":13},"end":{"line":190,"column":31}},"43":{"start":{"line":190,"column":13},"end":{"line":203,"column":null}}},"fnMap":{"0":{"name":"(anonymous_4)","decl":{"start":{"line":24,"column":2},"end":{"line":24,"column":null}},"loc":{"start":{"line":26,"column":53},"end":{"line":27,"column":6}}},"1":{"name":"(anonymous_5)","decl":{"start":{"line":29,"column":2},"end":{"line":29,"column":7}},"loc":{"start":{"line":29,"column":39},"end":{"line":79,"column":3}}},"2":{"name":"(anonymous_6)","decl":{"start":{"line":99,"column":2},"end":{"line":99,"column":null}},"loc":{"start":{"line":101,"column":53},"end":{"line":102,"column":6}}},"3":{"name":"(anonymous_7)","decl":{"start":{"line":104,"column":2},"end":{"line":104,"column":7}},"loc":{"start":{"line":104,"column":56},"end":{"line":157,"column":3}}},"4":{"name":"(anonymous_8)","decl":{"start":{"line":162,"column":2},"end":{"line":162,"column":null}},"loc":{"start":{"line":164,"column":53},"end":{"line":165,"column":6}}},"5":{"name":"(anonymous_9)","decl":{"start":{"line":167,"column":2},"end":{"line":167,"column":7}},"loc":{"start":{"line":167,"column":66},"end":{"line":186,"column":3}}},"6":{"name":"(anonymous_10)","decl":{"start":{"line":169,"column":22},"end":{"line":169,"column":23}},"loc":{"start":{"line":169,"column":30},"end":{"line":185,"column":6}}},"7":{"name":"(anonymous_11)","decl":{"start":{"line":191,"column":2},"end":{"line":191,"column":null}},"loc":{"start":{"line":193,"column":53},"end":{"line":194,"column":6}}},"8":{"name":"(anonymous_12)","decl":{"start":{"line":196,"column":2},"end":{"line":196,"column":7}},"loc":{"start":{"line":196,"column":26},"end":{"line":202,"column":3}}}},"branchMap":{"0":{"loc":{"start":{"line":30,"column":61},"end":{"line":30,"column":82}},"type":"binary-expr","locations":[{"start":{"line":30,"column":61},"end":{"line":30,"column":76}},{"start":{"line":30,"column":80},"end":{"line":30,"column":82}}]},"1":{"loc":{"start":{"line":31,"column":49},"end":{"line":31,"column":70}},"type":"binary-expr","locations":[{"start":{"line":31,"column":49},"end":{"line":31,"column":64}},{"start":{"line":31,"column":68},"end":{"line":31,"column":70}}]},"2":{"loc":{"start":{"line":34,"column":4},"end":{"line":36,"column":5}},"type":"if","locations":[{"start":{"line":34,"column":4},"end":{"line":36,"column":5}},{"start":{},"end":{}}]},"3":{"loc":{"start":{"line":34,"column":8},"end":{"line":34,"column":30}},"type":"binary-expr","locations":[{"start":{"line":34,"column":8},"end":{"line":34,"column":18}},{"start":{"line":34,"column":22},"end":{"line":34,"column":30}}]},"4":{"loc":{"start":{"line":39,"column":4},"end":{"line":41,"column":5}},"type":"if","locations":[{"start":{"line":39,"column":4},"end":{"line":41,"column":5}},{"start":{},"end":{}}]},"5":{"loc":{"start":{"line":39,"column":8},"end":{"line":39,"column":84}},"type":"binary-expr","locations":[{"start":{"line":39,"column":8},"end":{"line":39,"column":24}},{"start":{"line":39,"column":28},"end":{"line":39,"column":72}},{"start":{"line":39,"column":76},"end":{"line":39,"column":84}}]},"6":{"loc":{"start":{"line":44,"column":23},"end":{"line":44,"column":104}},"type":"cond-expr","locations":[{"start":{"line":44,"column":34},"end":{"line":44,"column":77}},{"start":{"line":44,"column":81},"end":{"line":44,"column":104}}]},"7":{"loc":{"start":{"line":44,"column":34},"end":{"line":44,"column":77}},"type":"binary-expr","locations":[{"start":{"line":44,"column":34},"end":{"line":44,"column":50}},{"start":{"line":44,"column":54},"end":{"line":44,"column":77}}]},"8":{"loc":{"start":{"line":77,"column":18},"end":{"line":77,"column":53}},"type":"binary-expr","locations":[{"start":{"line":77,"column":18},"end":{"line":77,"column":39}},{"start":{"line":77,"column":43},"end":{"line":77,"column":53}}]},"9":{"loc":{"start":{"line":106,"column":4},"end":{"line":108,"column":5}},"type":"if","locations":[{"start":{"line":106,"column":4},"end":{"line":108,"column":5}},{"start":{},"end":{}}]},"10":{"loc":{"start":{"line":110,"column":61},"end":{"line":110,"column":82}},"type":"binary-expr","locations":[{"start":{"line":110,"column":61},"end":{"line":110,"column":76}},{"start":{"line":110,"column":80},"end":{"line":110,"column":82}}]},"11":{"loc":{"start":{"line":113,"column":4},"end":{"line":115,"column":5}},"type":"if","locations":[{"start":{"line":113,"column":4},"end":{"line":115,"column":5}},{"start":{},"end":{}}]},"12":{"loc":{"start":{"line":113,"column":8},"end":{"line":113,"column":84}},"type":"binary-expr","locations":[{"start":{"line":113,"column":8},"end":{"line":113,"column":24}},{"start":{"line":113,"column":28},"end":{"line":113,"column":72}},{"start":{"line":113,"column":76},"end":{"line":113,"column":84}}]},"13":{"loc":{"start":{"line":120,"column":14},"end":{"line":120,"column":38}},"type":"binary-expr","locations":[{"start":{"line":120,"column":14},"end":{"line":120,"column":24}},{"start":{"line":120,"column":28},"end":{"line":120,"column":38}}]},"14":{"loc":{"start":{"line":121,"column":16},"end":{"line":121,"column":44}},"type":"binary-expr","locations":[{"start":{"line":121,"column":16},"end":{"line":121,"column":28}},{"start":{"line":121,"column":32},"end":{"line":121,"column":44}}]},"15":{"loc":{"start":{"line":122,"column":21},"end":{"line":122,"column":59}},"type":"binary-expr","locations":[{"start":{"line":122,"column":21},"end":{"line":122,"column":38}},{"start":{"line":122,"column":42},"end":{"line":122,"column":59}}]},"16":{"loc":{"start":{"line":123,"column":16},"end":{"line":123,"column":44}},"type":"binary-expr","locations":[{"start":{"line":123,"column":16},"end":{"line":123,"column":28}},{"start":{"line":123,"column":32},"end":{"line":123,"column":44}}]},"17":{"loc":{"start":{"line":124,"column":18},"end":{"line":124,"column":50}},"type":"binary-expr","locations":[{"start":{"line":124,"column":18},"end":{"line":124,"column":32}},{"start":{"line":124,"column":36},"end":{"line":124,"column":50}}]},"18":{"loc":{"start":{"line":125,"column":14},"end":{"line":125,"column":38}},"type":"binary-expr","locations":[{"start":{"line":125,"column":14},"end":{"line":125,"column":24}},{"start":{"line":125,"column":28},"end":{"line":125,"column":38}}]},"19":{"loc":{"start":{"line":126,"column":14},"end":{"line":126,"column":38}},"type":"binary-expr","locations":[{"start":{"line":126,"column":14},"end":{"line":126,"column":24}},{"start":{"line":126,"column":28},"end":{"line":126,"column":38}}]},"20":{"loc":{"start":{"line":127,"column":15},"end":{"line":127,"column":41}},"type":"binary-expr","locations":[{"start":{"line":127,"column":15},"end":{"line":127,"column":26}},{"start":{"line":127,"column":30},"end":{"line":127,"column":41}}]},"21":{"loc":{"start":{"line":128,"column":15},"end":{"line":128,"column":41}},"type":"binary-expr","locations":[{"start":{"line":128,"column":15},"end":{"line":128,"column":26}},{"start":{"line":128,"column":30},"end":{"line":128,"column":41}}]},"22":{"loc":{"start":{"line":129,"column":15},"end":{"line":129,"column":41}},"type":"binary-expr","locations":[{"start":{"line":129,"column":15},"end":{"line":129,"column":26}},{"start":{"line":129,"column":30},"end":{"line":129,"column":41}}]},"23":{"loc":{"start":{"line":130,"column":20},"end":{"line":130,"column":56}},"type":"binary-expr","locations":[{"start":{"line":130,"column":20},"end":{"line":130,"column":36}},{"start":{"line":130,"column":40},"end":{"line":130,"column":56}}]},"24":{"loc":{"start":{"line":198,"column":4},"end":{"line":200,"column":5}},"type":"if","locations":[{"start":{"line":198,"column":4},"end":{"line":200,"column":5}},{"start":{},"end":{}}]}},"s":{"0":1,"1":1,"2":1,"3":11,"4":1,"5":1,"6":1,"7":0,"8":1,"9":0,"10":1,"11":1,"12":1,"13":1,"14":1,"15":1,"16":1,"17":11,"18":2,"19":2,"20":1,"21":1,"22":1,"23":0,"24":1,"25":1,"26":1,"27":1,"28":1,"29":1,"30":11,"31":2,"32":2,"33":1,"34":1,"35":1,"36":1,"37":11,"38":2,"39":2,"40":1,"41":1,"42":1,"43":1},"f":{"0":11,"1":1,"2":11,"3":2,"4":11,"5":2,"6":1,"7":11,"8":2},"b":{"0":[1,0],"1":[1,0],"2":[0,1],"3":[1,0],"4":[0,1],"5":[1,0,0],"6":[0,1],"7":[0,0],"8":[1,1],"9":[1,1],"10":[1,1],"11":[0,1],"12":[1,0,0],"13":[1,0],"14":[1,0],"15":[1,1],"16":[1,1],"17":[1,1],"18":[1,1],"19":[1,1],"20":[1,1],"21":[1,1],"22":[1,1],"23":[1,1],"24":[1,1]}}
,"/Users/jonatanmachado/Documents/thinkworld/interno/api-saas/src/modules/agents/domain/entities/agent.entity.ts": {"path":"/Users/jonatanmachado/Documents/thinkworld/interno/api-saas/src/modules/agents/domain/entities/agent.entity.ts","statementMap":{"0":{"start":{"line":1,"column":0},"end":{"line":1,"column":55}},"1":{"start":{"line":3,"column":0},"end":{"line":3,"column":null}},"2":{"start":{"line":4,"column":2},"end":{"line":4,"column":null}},"3":{"start":{"line":5,"column":2},"end":{"line":5,"column":null}},"4":{"start":{"line":6,"column":2},"end":{"line":6,"column":null}},"5":{"start":{"line":7,"column":2},"end":{"line":7,"column":null}},"6":{"start":{"line":8,"column":2},"end":{"line":8,"column":null}},"7":{"start":{"line":30,"column":4},"end":{"line":30,"column":21}},"8":{"start":{"line":31,"column":4},"end":{"line":33,"column":5}},"9":{"start":{"line":32,"column":6},"end":{"line":32,"column":54}},"10":{"start":{"line":37,"column":4},"end":{"line":37,"column":29}},"11":{"start":{"line":40,"column":4},"end":{"line":40,"column":27}},"12":{"start":{"line":43,"column":4},"end":{"line":43,"column":29}},"13":{"start":{"line":46,"column":4},"end":{"line":46,"column":34}},"14":{"start":{"line":49,"column":4},"end":{"line":49,"column":29}},"15":{"start":{"line":52,"column":4},"end":{"line":52,"column":31}},"16":{"start":{"line":55,"column":4},"end":{"line":55,"column":27}},"17":{"start":{"line":58,"column":4},"end":{"line":58,"column":27}},"18":{"start":{"line":61,"column":4},"end":{"line":61,"column":28}},"19":{"start":{"line":64,"column":4},"end":{"line":64,"column":28}},"20":{"start":{"line":67,"column":4},"end":{"line":67,"column":28}},"21":{"start":{"line":70,"column":4},"end":{"line":70,"column":33}},"22":{"start":{"line":28,"column":0},"end":{"line":28,"column":13}}},"fnMap":{"0":{"name":"(anonymous_0)","decl":{"start":{"line":3,"column":0},"end":{"line":3,"column":12}},"loc":{"start":{"line":3,"column":27},"end":{"line":9,"column":1}}},"1":{"name":"(anonymous_1)","decl":{"start":{"line":29,"column":2},"end":{"line":29,"column":14}},"loc":{"start":{"line":29,"column":44},"end":{"line":34,"column":3}}},"2":{"name":"(anonymous_2)","decl":{"start":{"line":36,"column":2},"end":{"line":36,"column":6}},"loc":{"start":{"line":36,"column":12},"end":{"line":38,"column":3}}},"3":{"name":"(anonymous_3)","decl":{"start":{"line":39,"column":2},"end":{"line":39,"column":6}},"loc":{"start":{"line":39,"column":10},"end":{"line":41,"column":3}}},"4":{"name":"(anonymous_4)","decl":{"start":{"line":42,"column":2},"end":{"line":42,"column":6}},"loc":{"start":{"line":42,"column":12},"end":{"line":44,"column":3}}},"5":{"name":"(anonymous_5)","decl":{"start":{"line":45,"column":2},"end":{"line":45,"column":6}},"loc":{"start":{"line":45,"column":17},"end":{"line":47,"column":3}}},"6":{"name":"(anonymous_6)","decl":{"start":{"line":48,"column":2},"end":{"line":48,"column":6}},"loc":{"start":{"line":48,"column":12},"end":{"line":50,"column":3}}},"7":{"name":"(anonymous_7)","decl":{"start":{"line":51,"column":2},"end":{"line":51,"column":6}},"loc":{"start":{"line":51,"column":14},"end":{"line":53,"column":3}}},"8":{"name":"(anonymous_8)","decl":{"start":{"line":54,"column":2},"end":{"line":54,"column":6}},"loc":{"start":{"line":54,"column":10},"end":{"line":56,"column":3}}},"9":{"name":"(anonymous_9)","decl":{"start":{"line":57,"column":2},"end":{"line":57,"column":6}},"loc":{"start":{"line":57,"column":10},"end":{"line":59,"column":3}}},"10":{"name":"(anonymous_10)","decl":{"start":{"line":60,"column":2},"end":{"line":60,"column":6}},"loc":{"start":{"line":60,"column":11},"end":{"line":62,"column":3}}},"11":{"name":"(anonymous_11)","decl":{"start":{"line":63,"column":2},"end":{"line":63,"column":6}},"loc":{"start":{"line":63,"column":11},"end":{"line":65,"column":3}}},"12":{"name":"(anonymous_12)","decl":{"start":{"line":66,"column":2},"end":{"line":66,"column":6}},"loc":{"start":{"line":66,"column":11},"end":{"line":68,"column":3}}},"13":{"name":"(anonymous_13)","decl":{"start":{"line":69,"column":2},"end":{"line":69,"column":6}},"loc":{"start":{"line":69,"column":16},"end":{"line":71,"column":3}}}},"branchMap":{"0":{"loc":{"start":{"line":3,"column":12},"end":{"line":3,"column":null}},"type":"binary-expr","locations":[{"start":{"line":3,"column":12},"end":{"line":3,"column":27}},{"start":{"line":3,"column":27},"end":{"line":3,"column":null}}]},"1":{"loc":{"start":{"line":31,"column":4},"end":{"line":33,"column":5}},"type":"if","locations":[{"start":{"line":31,"column":4},"end":{"line":33,"column":5}},{"start":{},"end":{}}]}},"s":{"0":2,"1":2,"2":2,"3":2,"4":2,"5":2,"6":2,"7":4,"8":4,"9":1,"10":3,"11":3,"12":3,"13":4,"14":4,"15":4,"16":7,"17":7,"18":7,"19":7,"20":10,"21":4,"22":2},"f":{"0":2,"1":4,"2":3,"3":3,"4":3,"5":4,"6":4,"7":4,"8":7,"9":7,"10":7,"11":7,"12":10,"13":4},"b":{"0":[2,2],"1":[1,3]}}
,"/Users/jonatanmachado/Documents/thinkworld/interno/api-saas/src/modules/agents/infra/http/controllers/agent.controller.ts": {"path":"/Users/jonatanmachado/Documents/thinkworld/interno/api-saas/src/modules/agents/infra/http/controllers/agent.controller.ts","statementMap":{"0":{"start":{"line":1,"column":0},"end":{"line":1,"column":136}},"1":{"start":{"line":2,"column":0},"end":{"line":2,"column":94}},"2":{"start":{"line":3,"column":0},"end":{"line":3,"column":null}},"3":{"start":{"line":9,"column":0},"end":{"line":9,"column":77}},"4":{"start":{"line":10,"column":0},"end":{"line":10,"column":58}},"5":{"start":{"line":11,"column":0},"end":{"line":11,"column":58}},"6":{"start":{"line":12,"column":0},"end":{"line":12,"column":66}},"7":{"start":{"line":13,"column":0},"end":{"line":13,"column":84}},"8":{"start":{"line":14,"column":0},"end":{"line":14,"column":92}},"9":{"start":{"line":20,"column":7},"end":{"line":85,"column":null}},"10":{"start":{"line":22,"column":21},"end":{"line":22,"column":36}},"11":{"start":{"line":23,"column":21},"end":{"line":23,"column":36}},"12":{"start":{"line":24,"column":21},"end":{"line":24,"column":34}},"13":{"start":{"line":25,"column":21},"end":{"line":25,"column":36}},"14":{"start":{"line":26,"column":21},"end":{"line":26,"column":29}},"15":{"start":{"line":34,"column":25},"end":{"line":36,"column":6}},"16":{"start":{"line":38,"column":21},"end":{"line":38,"column":49}},"17":{"start":{"line":39,"column":4},"end":{"line":39,"column":66}},"18":{"start":{"line":50,"column":25},"end":{"line":52,"column":6}},"19":{"start":{"line":54,"column":21},"end":{"line":54,"column":49}},"20":{"start":{"line":56,"column":4},"end":{"line":61,"column":7}},"21":{"start":{"line":71,"column":4},"end":{"line":74,"column":7}},"22":{"start":{"line":82,"column":4},"end":{"line":82,"column":46}},"23":{"start":{"line":83,"column":4},"end":{"line":83,"column":29}},"24":{"start":{"line":20,"column":13},"end":{"line":20,"column":28}},"25":{"start":{"line":32,"column":8},"end":{"line":40,"column":null}},"26":{"start":{"line":48,"column":8},"end":{"line":62,"column":null}},"27":{"start":{"line":70,"column":8},"end":{"line":75,"column":null}},"28":{"start":{"line":81,"column":8},"end":{"line":84,"column":null}},"29":{"start":{"line":20,"column":13},"end":{"line":85,"column":null}}},"fnMap":{"0":{"name":"(anonymous_4)","decl":{"start":{"line":21,"column":2},"end":{"line":21,"column":null}},"loc":{"start":{"line":26,"column":42},"end":{"line":27,"column":6}}},"1":{"name":"(anonymous_5)","decl":{"start":{"line":32,"column":8},"end":{"line":32,"column":12}},"loc":{"start":{"line":32,"column":37},"end":{"line":40,"column":3}}},"2":{"name":"(anonymous_6)","decl":{"start":{"line":48,"column":8},"end":{"line":48,"column":14}},"loc":{"start":{"line":48,"column":69},"end":{"line":62,"column":3}}},"3":{"name":"(anonymous_7)","decl":{"start":{"line":70,"column":8},"end":{"line":70,"column":14}},"loc":{"start":{"line":70,"column":105},"end":{"line":75,"column":3}}},"4":{"name":"(anonymous_8)","decl":{"start":{"line":81,"column":8},"end":{"line":81,"column":14}},"loc":{"start":{"line":81,"column":49},"end":{"line":84,"column":3}}}},"branchMap":{"0":{"loc":{"start":{"line":38,"column":21},"end":{"line":38,"column":49}},"type":"binary-expr","locations":[{"start":{"line":38,"column":21},"end":{"line":38,"column":39}},{"start":{"line":38,"column":43},"end":{"line":38,"column":49}}]},"1":{"loc":{"start":{"line":54,"column":21},"end":{"line":54,"column":49}},"type":"binary-expr","locations":[{"start":{"line":54,"column":21},"end":{"line":54,"column":39}},{"start":{"line":54,"column":43},"end":{"line":54,"column":49}}]}},"s":{"0":0,"1":0,"2":0,"3":0,"4":0,"5":0,"6":0,"7":0,"8":0,"9":0,"10":0,"11":0,"12":0,"13":0,"14":0,"15":0,"16":0,"17":0,"18":0,"19":0,"20":0,"21":0,"22":0,"23":0,"24":0,"25":0,"26":0,"27":0,"28":0,"29":0},"f":{"0":0,"1":0,"2":0,"3":0,"4":0},"b":{"0":[0,0],"1":[0,0]}}
,"/Users/jonatanmachado/Documents/thinkworld/interno/api-saas/src/modules/agents/infra/http/dtos/create-agent.dto.ts": {"path":"/Users/jonatanmachado/Documents/thinkworld/interno/api-saas/src/modules/agents/infra/http/dtos/create-agent.dto.ts","statementMap":{"0":{"start":{"line":1,"column":0},"end":{"line":1,"column":74}},"1":{"start":{"line":2,"column":0},"end":{"line":2,"column":67}},"2":{"start":{"line":3,"column":0},"end":{"line":3,"column":72}},"3":{"start":{"line":5,"column":0},"end":{"line":5,"column":13}},"4":{"start":{"line":8,"column":2},"end":{"line":8,"column":null}},"5":{"start":{"line":13,"column":2},"end":{"line":13,"column":null}},"6":{"start":{"line":19,"column":2},"end":{"line":19,"column":null}},"7":{"start":{"line":25,"column":2},"end":{"line":25,"column":null}},"8":{"start":{"line":31,"column":2},"end":{"line":31,"column":null}},"9":{"start":{"line":37,"column":2},"end":{"line":37,"column":null}},"10":{"start":{"line":43,"column":2},"end":{"line":43,"column":null}},"11":{"start":{"line":49,"column":2},"end":{"line":49,"column":null}},"12":{"start":{"line":55,"column":2},"end":{"line":55,"column":null}},"13":{"start":{"line":61,"column":2},"end":{"line":61,"column":null}},"14":{"start":{"line":67,"column":2},"end":{"line":67,"column":null}},"15":{"start":{"line":76,"column":2},"end":{"line":76,"column":null}}},"fnMap":{},"branchMap":{},"s":{"0":0,"1":0,"2":0,"3":0,"4":0,"5":0,"6":0,"7":0,"8":0,"9":0,"10":0,"11":0,"12":0,"13":0,"14":0,"15":0},"f":{},"b":{}}
,"/Users/jonatanmachado/Documents/thinkworld/interno/api-saas/src/modules/agents/infra/http/dtos/update-agent.dto.ts": {"path":"/Users/jonatanmachado/Documents/thinkworld/interno/api-saas/src/modules/agents/infra/http/dtos/update-agent.dto.ts","statementMap":{"0":{"start":{"line":1,"column":0},"end":{"line":1,"column":74}},"1":{"start":{"line":2,"column":0},"end":{"line":2,"column":54}},"2":{"start":{"line":3,"column":0},"end":{"line":3,"column":72}},"3":{"start":{"line":5,"column":0},"end":{"line":5,"column":13}},"4":{"start":{"line":10,"column":2},"end":{"line":10,"column":null}},"5":{"start":{"line":16,"column":2},"end":{"line":16,"column":null}},"6":{"start":{"line":22,"column":2},"end":{"line":22,"column":null}},"7":{"start":{"line":28,"column":2},"end":{"line":28,"column":null}},"8":{"start":{"line":34,"column":2},"end":{"line":34,"column":null}},"9":{"start":{"line":40,"column":2},"end":{"line":40,"column":null}},"10":{"start":{"line":46,"column":2},"end":{"line":46,"column":null}},"11":{"start":{"line":52,"column":2},"end":{"line":52,"column":null}},"12":{"start":{"line":58,"column":2},"end":{"line":58,"column":null}},"13":{"start":{"line":64,"column":2},"end":{"line":64,"column":null}},"14":{"start":{"line":73,"column":2},"end":{"line":73,"column":null}}},"fnMap":{},"branchMap":{},"s":{"0":0,"1":0,"2":0,"3":0,"4":0,"5":0,"6":0,"7":0,"8":0,"9":0,"10":0,"11":0,"12":0,"13":0,"14":0},"f":{},"b":{}}
,"/Users/jonatanmachado/Documents/thinkworld/interno/api-saas/src/modules/agents/infra/repositories/prisma-agent.repository.ts": {"path":"/Users/jonatanmachado/Documents/thinkworld/interno/api-saas/src/modules/agents/infra/repositories/prisma-agent.repository.ts","statementMap":{"0":{"start":{"line":1,"column":0},"end":{"line":1,"column":44}},"1":{"start":{"line":2,"column":0},"end":{"line":2,"column":63}},"2":{"start":{"line":3,"column":0},"end":{"line":3,"column":59}},"3":{"start":{"line":7,"column":7},"end":{"line":122,"column":null}},"4":{"start":{"line":8,"column":31},"end":{"line":8,"column":39}},"5":{"start":{"line":11,"column":4},"end":{"line":29,"column":6}},"6":{"start":{"line":33,"column":17},"end":{"line":47,"column":6}},"7":{"start":{"line":49,"column":4},"end":{"line":65,"column":7}},"8":{"start":{"line":69,"column":18},"end":{"line":69,"column":71}},"9":{"start":{"line":70,"column":4},"end":{"line":70,"column":28}},"10":{"start":{"line":70,"column":16},"end":{"line":70,"column":28}},"11":{"start":{"line":71,"column":4},"end":{"line":71,"column":32}},"12":{"start":{"line":75,"column":19},"end":{"line":78,"column":6}},"13":{"start":{"line":79,"column":4},"end":{"line":79,"column":47}},"14":{"start":{"line":79,"column":29},"end":{"line":79,"column":45}},"15":{"start":{"line":83,"column":20},"end":{"line":83,"column":70}},"16":{"start":{"line":84,"column":18},"end":{"line":84,"column":36}},"17":{"start":{"line":85,"column":21},"end":{"line":85,"column":42}},"18":{"start":{"line":87,"column":35},"end":{"line":92,"column":6}},"19":{"start":{"line":95,"column":4},"end":{"line":97,"column":5}},"20":{"start":{"line":96,"column":6},"end":{"line":96,"column":55}},"21":{"start":{"line":100,"column":4},"end":{"line":102,"column":5}},"22":{"start":{"line":101,"column":6},"end":{"line":101,"column":58}},"23":{"start":{"line":105,"column":4},"end":{"line":107,"column":5}},"24":{"start":{"line":106,"column":6},"end":{"line":106,"column":57}},"25":{"start":{"line":109,"column":19},"end":{"line":114,"column":6}},"26":{"start":{"line":116,"column":4},"end":{"line":116,"column":47}},"27":{"start":{"line":116,"column":29},"end":{"line":116,"column":45}},"28":{"start":{"line":120,"column":4},"end":{"line":120,"column":54}},"29":{"start":{"line":7,"column":13},"end":{"line":7,"column":34}},"30":{"start":{"line":7,"column":13},"end":{"line":122,"column":null}}},"fnMap":{"0":{"name":"(anonymous_2)","decl":{"start":{"line":8,"column":2},"end":{"line":8,"column":31}},"loc":{"start":{"line":8,"column":52},"end":{"line":8,"column":56}}},"1":{"name":"(anonymous_3)","decl":{"start":{"line":10,"column":10},"end":{"line":10,"column":18}},"loc":{"start":{"line":10,"column":29},"end":{"line":30,"column":3}}},"2":{"name":"(anonymous_4)","decl":{"start":{"line":32,"column":2},"end":{"line":32,"column":7}},"loc":{"start":{"line":32,"column":25},"end":{"line":66,"column":3}}},"3":{"name":"(anonymous_5)","decl":{"start":{"line":68,"column":2},"end":{"line":68,"column":7}},"loc":{"start":{"line":68,"column":27},"end":{"line":72,"column":3}}},"4":{"name":"(anonymous_6)","decl":{"start":{"line":74,"column":2},"end":{"line":74,"column":7}},"loc":{"start":{"line":74,"column":35},"end":{"line":80,"column":3}}},"5":{"name":"(anonymous_7)","decl":{"start":{"line":79,"column":22},"end":{"line":79,"column":23}},"loc":{"start":{"line":79,"column":29},"end":{"line":79,"column":45}}},"6":{"name":"(anonymous_8)","decl":{"start":{"line":82,"column":2},"end":{"line":82,"column":7}},"loc":{"start":{"line":82,"column":79},"end":{"line":117,"column":3}}},"7":{"name":"(anonymous_9)","decl":{"start":{"line":116,"column":22},"end":{"line":116,"column":23}},"loc":{"start":{"line":116,"column":29},"end":{"line":116,"column":45}}},"8":{"name":"(anonymous_10)","decl":{"start":{"line":119,"column":2},"end":{"line":119,"column":7}},"loc":{"start":{"line":119,"column":25},"end":{"line":121,"column":3}}}},"branchMap":{"0":{"loc":{"start":{"line":70,"column":4},"end":{"line":70,"column":28}},"type":"if","locations":[{"start":{"line":70,"column":4},"end":{"line":70,"column":28}},{"start":{},"end":{}}]},"1":{"loc":{"start":{"line":95,"column":4},"end":{"line":97,"column":5}},"type":"if","locations":[{"start":{"line":95,"column":4},"end":{"line":97,"column":5}},{"start":{},"end":{}}]},"2":{"loc":{"start":{"line":95,"column":8},"end":{"line":95,"column":25}},"type":"binary-expr","locations":[{"start":{"line":95,"column":8},"end":{"line":95,"column":13}},{"start":{"line":95,"column":17},"end":{"line":95,"column":25}}]},"3":{"loc":{"start":{"line":100,"column":4},"end":{"line":102,"column":5}},"type":"if","locations":[{"start":{"line":100,"column":4},"end":{"line":102,"column":5}},{"start":{},"end":{}}]},"4":{"loc":{"start":{"line":105,"column":4},"end":{"line":107,"column":5}},"type":"if","locations":[{"start":{"line":105,"column":4},"end":{"line":107,"column":5}},{"start":{},"end":{}}]}},"s":{"0":0,"1":0,"2":0,"3":0,"4":0,"5":0,"6":0,"7":0,"8":0,"9":0,"10":0,"11":0,"12":0,"13":0,"14":0,"15":0,"16":0,"17":0,"18":0,"19":0,"20":0,"21":0,"22":0,"23":0,"24":0,"25":0,"26":0,"27":0,"28":0,"29":0,"30":0},"f":{"0":0,"1":0,"2":0,"3":0,"4":0,"5":0,"6":0,"7":0,"8":0},"b":{"0":[0,0],"1":[0,0],"2":[0,0],"3":[0,0],"4":[0,0]}}
,"/Users/jonatanmachado/Documents/thinkworld/interno/api-saas/src/modules/chat/chat.module.ts": {"path":"/Users/jonatanmachado/Documents/thinkworld/interno/api-saas/src/modules/chat/chat.module.ts","statementMap":{"0":{"start":{"line":1,"column":0},"end":{"line":1,"column":40}},"1":{"start":{"line":2,"column":0},"end":{"line":2,"column":83}},"2":{"start":{"line":3,"column":0},"end":{"line":3,"column":74}},"3":{"start":{"line":4,"column":0},"end":{"line":4,"column":152}},"4":{"start":{"line":5,"column":0},"end":{"line":5,"column":46}},"5":{"start":{"line":6,"column":0},"end":{"line":6,"column":69}},"6":{"start":{"line":7,"column":0},"end":{"line":7,"column":55}},"7":{"start":{"line":23,"column":7},"end":{"line":23,"column":null}},"8":{"start":{"line":23,"column":13},"end":{"line":23,"column":23}},"9":{"start":{"line":23,"column":13},"end":{"line":23,"column":null}}},"fnMap":{},"branchMap":{},"s":{"0":0,"1":0,"2":0,"3":0,"4":0,"5":0,"6":0,"7":0,"8":0,"9":0},"f":{},"b":{}}
,"/Users/jonatanmachado/Documents/thinkworld/interno/api-saas/src/modules/chat/application/use-cases/chat.use-cases.ts": {"path":"/Users/jonatanmachado/Documents/thinkworld/interno/api-saas/src/modules/chat/application/use-cases/chat.use-cases.ts","statementMap":{"0":{"start":{"line":1,"column":0},"end":{"line":1,"column":71}},"1":{"start":{"line":2,"column":0},"end":{"line":2,"column":87}},"2":{"start":{"line":3,"column":0},"end":{"line":3,"column":75}},"3":{"start":{"line":5,"column":0},"end":{"line":5,"column":73}},"4":{"start":{"line":8,"column":7},"end":{"line":87,"column":null}},"5":{"start":{"line":10,"column":21},"end":{"line":10,"column":37}},"6":{"start":{"line":12,"column":21},"end":{"line":12,"column":53}},"7":{"start":{"line":13,"column":21},"end":{"line":13,"column":36}},"8":{"start":{"line":17,"column":17},"end":{"line":17,"column":59}},"9":{"start":{"line":18,"column":4},"end":{"line":20,"column":5}},"10":{"start":{"line":19,"column":6},"end":{"line":19,"column":52}},"11":{"start":{"line":22,"column":20},"end":{"line":26,"column":6}},"12":{"start":{"line":28,"column":4},"end":{"line":28,"column":51}},"13":{"start":{"line":31,"column":4},"end":{"line":77,"column":5}},"14":{"start":{"line":33,"column":20},"end":{"line":33,"column":69}},"15":{"start":{"line":34,"column":6},"end":{"line":36,"column":7}},"16":{"start":{"line":35,"column":8},"end":{"line":35,"column":55}},"17":{"start":{"line":39,"column":20},"end":{"line":39,"column":84}},"18":{"start":{"line":39,"column":70},"end":{"line":39,"column":78}},"19":{"start":{"line":42,"column":25},"end":{"line":53,"column":8}},"20":{"start":{"line":56,"column":27},"end":{"line":56,"column":120}},"21":{"start":{"line":57,"column":28},"end":{"line":61,"column":8}},"22":{"start":{"line":62,"column":6},"end":{"line":62,"column":59}},"23":{"start":{"line":64,"column":6},"end":{"line":76,"column":8}},"24":{"start":{"line":79,"column":4},"end":{"line":85,"column":6}},"25":{"start":{"line":8,"column":13},"end":{"line":8,"column":31}},"26":{"start":{"line":8,"column":13},"end":{"line":87,"column":null}},"27":{"start":{"line":90,"column":7},"end":{"line":97,"column":null}},"28":{"start":{"line":91,"column":31},"end":{"line":91,"column":47}},"29":{"start":{"line":94,"column":18},"end":{"line":94,"column":79}},"30":{"start":{"line":95,"column":4},"end":{"line":95,"column":17}},"31":{"start":{"line":90,"column":13},"end":{"line":90,"column":29}},"32":{"start":{"line":90,"column":13},"end":{"line":97,"column":null}},"33":{"start":{"line":100,"column":7},"end":{"line":124,"column":null}},"34":{"start":{"line":101,"column":31},"end":{"line":101,"column":47}},"35":{"start":{"line":105,"column":17},"end":{"line":105,"column":59}},"36":{"start":{"line":106,"column":4},"end":{"line":108,"column":5}},"37":{"start":{"line":107,"column":6},"end":{"line":107,"column":52}},"38":{"start":{"line":110,"column":4},"end":{"line":112,"column":5}},"39":{"start":{"line":111,"column":6},"end":{"line":111,"column":52}},"40":{"start":{"line":114,"column":21},"end":{"line":114,"column":75}},"41":{"start":{"line":116,"column":4},"end":{"line":122,"column":8}},"42":{"start":{"line":116,"column":30},"end":{"line":122,"column":6}},"43":{"start":{"line":100,"column":13},"end":{"line":100,"column":32}},"44":{"start":{"line":100,"column":13},"end":{"line":124,"column":null}},"45":{"start":{"line":127,"column":7},"end":{"line":153,"column":null}},"46":{"start":{"line":129,"column":21},"end":{"line":129,"column":37}},"47":{"start":{"line":131,"column":21},"end":{"line":131,"column":53}},"48":{"start":{"line":136,"column":18},"end":{"line":136,"column":62}},"49":{"start":{"line":137,"column":4},"end":{"line":139,"column":5}},"50":{"start":{"line":138,"column":6},"end":{"line":138,"column":53}},"51":{"start":{"line":142,"column":17},"end":{"line":142,"column":77}},"52":{"start":{"line":144,"column":4},"end":{"line":151,"column":6}},"53":{"start":{"line":127,"column":13},"end":{"line":127,"column":30}},"54":{"start":{"line":127,"column":13},"end":{"line":153,"column":null}},"55":{"start":{"line":156,"column":7},"end":{"line":177,"column":null}},"56":{"start":{"line":157,"column":31},"end":{"line":157,"column":47}},"57":{"start":{"line":161,"column":17},"end":{"line":161,"column":59}},"58":{"start":{"line":162,"column":4},"end":{"line":164,"column":5}},"59":{"start":{"line":163,"column":6},"end":{"line":163,"column":52}},"60":{"start":{"line":166,"column":4},"end":{"line":168,"column":5}},"61":{"start":{"line":167,"column":6},"end":{"line":167,"column":52}},"62":{"start":{"line":171,"column":4},"end":{"line":171,"column":61}},"63":{"start":{"line":173,"column":4},"end":{"line":175,"column":6}},"64":{"start":{"line":156,"column":13},"end":{"line":156,"column":29}},"65":{"start":{"line":156,"column":13},"end":{"line":177,"column":null}}},"fnMap":{"0":{"name":"(anonymous_4)","decl":{"start":{"line":9,"column":2},"end":{"line":9,"column":null}},"loc":{"start":{"line":13,"column":49},"end":{"line":14,"column":6}}},"1":{"name":"(anonymous_5)","decl":{"start":{"line":16,"column":2},"end":{"line":16,"column":7}},"loc":{"start":{"line":16,"column":70},"end":{"line":86,"column":3}}},"2":{"name":"(anonymous_6)","decl":{"start":{"line":39,"column":65},"end":{"line":39,"column":66}},"loc":{"start":{"line":39,"column":70},"end":{"line":39,"column":78}}},"3":{"name":"(anonymous_7)","decl":{"start":{"line":91,"column":2},"end":{"line":91,"column":31}},"loc":{"start":{"line":91,"column":67},"end":{"line":91,"column":71}}},"4":{"name":"(anonymous_8)","decl":{"start":{"line":93,"column":2},"end":{"line":93,"column":7}},"loc":{"start":{"line":93,"column":30},"end":{"line":96,"column":3}}},"5":{"name":"(anonymous_9)","decl":{"start":{"line":101,"column":2},"end":{"line":101,"column":31}},"loc":{"start":{"line":101,"column":67},"end":{"line":101,"column":71}}},"6":{"name":"(anonymous_10)","decl":{"start":{"line":103,"column":2},"end":{"line":103,"column":7}},"loc":{"start":{"line":103,"column":46},"end":{"line":123,"column":3}}},"7":{"name":"(anonymous_11)","decl":{"start":{"line":116,"column":24},"end":{"line":116,"column":25}},"loc":{"start":{"line":116,"column":30},"end":{"line":122,"column":6}}},"8":{"name":"(anonymous_12)","decl":{"start":{"line":128,"column":2},"end":{"line":128,"column":null}},"loc":{"start":{"line":131,"column":53},"end":{"line":132,"column":6}}},"9":{"name":"(anonymous_13)","decl":{"start":{"line":134,"column":2},"end":{"line":134,"column":7}},"loc":{"start":{"line":134,"column":63},"end":{"line":152,"column":3}}},"10":{"name":"(anonymous_14)","decl":{"start":{"line":157,"column":2},"end":{"line":157,"column":31}},"loc":{"start":{"line":157,"column":67},"end":{"line":157,"column":71}}},"11":{"name":"(anonymous_15)","decl":{"start":{"line":159,"column":2},"end":{"line":159,"column":7}},"loc":{"start":{"line":159,"column":46},"end":{"line":176,"column":3}}}},"branchMap":{"0":{"loc":{"start":{"line":18,"column":4},"end":{"line":20,"column":5}},"type":"if","locations":[{"start":{"line":18,"column":4},"end":{"line":20,"column":5}},{"start":{},"end":{}}]},"1":{"loc":{"start":{"line":31,"column":4},"end":{"line":77,"column":5}},"type":"if","locations":[{"start":{"line":31,"column":4},"end":{"line":77,"column":5}},{"start":{},"end":{}}]},"2":{"loc":{"start":{"line":34,"column":6},"end":{"line":36,"column":7}},"type":"if","locations":[{"start":{"line":34,"column":6},"end":{"line":36,"column":7}},{"start":{},"end":{}}]},"3":{"loc":{"start":{"line":39,"column":20},"end":{"line":39,"column":84}},"type":"cond-expr","locations":[{"start":{"line":39,"column":34},"end":{"line":39,"column":79}},{"start":{"line":39,"column":82},"end":{"line":39,"column":84}}]},"4":{"loc":{"start":{"line":45,"column":16},"end":{"line":45,"column":39}},"type":"binary-expr","locations":[{"start":{"line":45,"column":16},"end":{"line":45,"column":26}},{"start":{"line":45,"column":30},"end":{"line":45,"column":39}}]},"5":{"loc":{"start":{"line":47,"column":18},"end":{"line":47,"column":46}},"type":"binary-expr","locations":[{"start":{"line":47,"column":18},"end":{"line":47,"column":28}},{"start":{"line":47,"column":32},"end":{"line":47,"column":46}}]},"6":{"loc":{"start":{"line":48,"column":19},"end":{"line":48,"column":42}},"type":"binary-expr","locations":[{"start":{"line":48,"column":19},"end":{"line":48,"column":30}},{"start":{"line":48,"column":34},"end":{"line":48,"column":42}}]},"7":{"loc":{"start":{"line":49,"column":19},"end":{"line":49,"column":43}},"type":"binary-expr","locations":[{"start":{"line":49,"column":19},"end":{"line":49,"column":30}},{"start":{"line":49,"column":34},"end":{"line":49,"column":43}}]},"8":{"loc":{"start":{"line":56,"column":27},"end":{"line":56,"column":120}},"type":"binary-expr","locations":[{"start":{"line":56,"column":27},"end":{"line":56,"column":46}},{"start":{"line":56,"column":50},"end":{"line":56,"column":68}},{"start":{"line":56,"column":72},"end":{"line":56,"column":120}}]},"9":{"loc":{"start":{"line":69,"column":19},"end":{"line":69,"column":56}},"type":"binary-expr","locations":[{"start":{"line":69,"column":19},"end":{"line":69,"column":42}},{"start":{"line":69,"column":46},"end":{"line":69,"column":56}}]},"10":{"loc":{"start":{"line":74,"column":21},"end":{"line":74,"column":64}},"type":"binary-expr","locations":[{"start":{"line":74,"column":21},"end":{"line":74,"column":50}},{"start":{"line":74,"column":54},"end":{"line":74,"column":64}}]},"11":{"loc":{"start":{"line":84,"column":17},"end":{"line":84,"column":54}},"type":"binary-expr","locations":[{"start":{"line":84,"column":17},"end":{"line":84,"column":40}},{"start":{"line":84,"column":44},"end":{"line":84,"column":54}}]},"12":{"loc":{"start":{"line":106,"column":4},"end":{"line":108,"column":5}},"type":"if","locations":[{"start":{"line":106,"column":4},"end":{"line":108,"column":5}},{"start":{},"end":{}}]},"13":{"loc":{"start":{"line":110,"column":4},"end":{"line":112,"column":5}},"type":"if","locations":[{"start
[...]
"column":35}},"10":{"start":{"line":14,"column":13},"end":{"line":36,"column":null}},"11":{"start":{"line":39,"column":7},"end":{"line":80,"column":null}},"12":{"start":{"line":42,"column":21},"end":{"line":42,"column":67}},"13":{"start":{"line":46,"column":16},"end":{"line":46,"column":70}},"14":{"start":{"line":47,"column":4},"end":{"line":49,"column":5}},"15":{"start":{"line":48,"column":6},"end":{"line":48,"column":60}},"16":{"start":{"line":51,"column":20},"end":{"line":51,"column":58}},"17":{"start":{"line":52,"column":4},"end":{"line":54,"column":5}},"18":{"start":{"line":53,"column":6},"end":{"line":53,"column":52}},"19":{"start":{"line":56,"column":30},"end":{"line":56,"column":72}},"20":{"start":{"line":58,"column":23},"end":{"line":64,"column":null}},"21":{"start":{"line":67,"column":4},"end":{"line":67,"column":55}},"22":{"start":{"line":69,"column":4},"end":{"line":78,"column":6}},"23":{"start":{"line":39,"column":13},"end":{"line":39,"column":31}},"24":{"start":{"line":39,"column":13},"end":{"line":80,"column":null}},"25":{"start":{"line":83,"column":7},"end":{"line":116,"column":null}},"26":{"start":{"line":86,"column":21},"end":{"line":86,"column":67}},"27":{"start":{"line":90,"column":16},"end":{"line":90,"column":70}},"28":{"start":{"line":91,"column":4},"end":{"line":93,"column":5}},"29":{"start":{"line":92,"column":6},"end":{"line":92,"column":60}},"30":{"start":{"line":95,"column":23},"end":{"line":100,"column":null}},"31":{"start":{"line":103,"column":4},"end":{"line":103,"column":55}},"32":{"start":{"line":105,"column":4},"end":{"line":114,"column":6}},"33":{"start":{"line":83,"column":13},"end":{"line":83,"column":33}},"34":{"start":{"line":83,"column":13},"end":{"line":116,"column":null}},"35":{"start":{"line":119,"column":7},"end":{"line":153,"column":null}},"36":{"start":{"line":122,"column":21},"end":{"line":122,"column":67}},"37":{"start":{"line":126,"column":16},"end":{"line":126,"column":70}},"38":{"start":{"line":127,"column":4},"end":{"line":129,"column":5}},"39":{"start":{"line":128,"column":6},"end":{"line":128,"column":60}},"40":{"start":{"line":131,"column":26},"end":{"line":131,"column":52}},"41":{"start":{"line":132,"column":4},"end":{"line":134,"column":5}},"42":{"start":{"line":133,"column":6},"end":{"line":133,"column":55}},"43":{"start":{"line":136,"column":30},"end":{"line":136,"column":73}},"44":{"start":{"line":138,"column":23},"end":{"line":143,"column":null}},"45":{"start":{"line":146,"column":4},"end":{"line":146,"column":55}},"46":{"start":{"line":148,"column":4},"end":{"line":151,"column":6}},"47":{"start":{"line":119,"column":13},"end":{"line":119,"column":35}},"48":{"start":{"line":119,"column":13},"end":{"line":153,"column":null}},"49":{"start":{"line":156,"column":7},"end":{"line":179,"column":null}},"50":{"start":{"line":159,"column":21},"end":{"line":159,"column":67}},"51":{"start":{"line":163,"column":21},"end":{"line":163,"column":75}},"52":{"start":{"line":164,"column":4},"end":{"line":166,"column":5}},"53":{"start":{"line":165,"column":6},"end":{"line":165,"column":22}},"54":{"start":{"line":168,"column":25},"end":{"line":173,"column":6}},"55":{"start":{"line":175,"column":4},"end":{"line":175,"column":57}},"56":{"start":{"line":177,"column":4},"end":{"line":177,"column":24}},"57":{"start":{"line":156,"column":13},"end":{"line":156,"column":38}},"58":{"start":{"line":156,"column":13},"end":{"line":179,"column":null}}},"fnMap":{"0":{"name":"(anonymous_4)","decl":{"start":{"line":15,"column":2},"end":{"line":15,"column":null}},"loc":{"start":{"line":17,"column":67},"end":{"line":18,"column":6}}},"1":{"name":"(anonymous_5)","decl":{"start":{"line":20,"column":2},"end":{"line":20,"column":7}},"loc":{"start":{"line":20,"column":30},"end":{"line":35,"column":3}}},"2":{"name":"(anonymous_6)","decl":{"start":{"line":40,"column":2},"end":{"line":40,"column":null}},"loc":{"start":{"line":42,"column":67},"end":{"line":43,"column":6}}},"3":{"name":"(anonymous_7)","decl":{"start":{"line":45,"column":2},"end":{"line":45,"column":7}},"loc":{"start":{"line":45,"column":44},"end":{"line":79,"column":3}}},"4":{"name":"(anonymous_8)","decl":{"start":{"line":84,"column":2},"end":{"line":84,"column":null}},"loc":{"start":{"line":86,"column":67},"end":{"line":87,"column":6}}},"5":{"name":"(anonymous_9)","decl":{"start":{"line":89,"column":2},"end":{"line":89,"column":7}},"loc":{"start":{"line":89,"column":30},"end":{"line":115,"column":3}}},"6":{"name":"(anonymous_10)","decl":{"start":{"line":120,"column":2},"end":{"line":120,"column":null}},"loc":{"start":{"line":122,"column":67},"end":{"line":123,"column":6}}},"7":{"name":"(anonymous_11)","decl":{"start":{"line":125,"column":2},"end":{"line":125,"column":7}},"loc":{"start":{"line":125,"column":49},"end":{"line":152,"column":3}}},"8":{"name":"(anonymous_12)","decl":{"start":{"line":157,"column":2},"end":{"line":157,"column":null}},"loc":{"start":{"line":159,"column":67},"end":{"line":160,"column":6}}},"9":{"name":"(anonymous_13)","decl":{"start":{"line":162,"column":2},"end":{"line":162,"column":7}},"loc":{"start":{"line":162,"column":63},"end":{"line":178,"column":3}}}},"branchMap":{"0":{"loc":{"start":{"line":22,"column":4},"end":{"line":24,"column":5}},"type":"if","locations":[{"start":{"line":22,"column":4},"end":{"line":24,"column":5}},{"start":{},"end":{}}]},"1":{"loc":{"start":{"line":47,"column":4},"end":{"line":49,"column":5}},"type":"if","locations":[{"start":{"line":47,"column":4},"end":{"line":49,"column":5}},{"start":{},"end":{}}]},"2":{"loc":{"start":{"line":52,"column":4},"end":{"line":54,"column":5}},"type":"if","locations":[{"start":{"line":52,"column":4},"end":{"line":54,"column":5}},{"start":{},"end":{}}]},"3":{"loc":{"start":{"line":56,"column":30},"end":{"line":56,"column":72}},"type":"cond-expr","locations":[{"start":{"line":56,"column":65},"end":{"line":56,"column":68}},{"start":{"line":56,"column":71},"end":{"line":56,"column":72}}]},"4":{"loc":{"start":{"line":91,"column":4},"end":{"line":93,"column":5}},"type":"if","locations":[{"start":{"line":91,"column":4},"end":{"line":93,"column":5}},{"start":{},"end":{}}]},"5":{"loc":{"start":{"line":127,"column":4},"end":{"line":129,"column":5}},"type":"if","locations":[{"start":{"line":127,"column":4},"end":{"line":129,"column":5}},{"start":{},"end":{}}]},"6":{"loc":{"start":{"line":132,"column":4},"end":{"line":134,"column":5}},"type":"if","locations":[{"start":{"line":132,"column":4},"end":{"line":134,"column":5}},{"start":{},"end":{}}]},"7":{"loc":{"start":{"line":164,"column":4},"end":{"line":166,"column":5}},"type":"if","locations":[{"start":{"line":164,"column":4},"end":{"line":166,"column":5}},{"start":{},"end":{}}]},"8":{"loc":{"start":{"line":170,"column":13},"end":{"line":170,"column":78}},"type":"binary-expr","locations":[{"start":{"line":170,"column":13},"end":{"line":170,"column":53}},{"start":{"line":170,"column":57},"end":{"line":170,"column":78}}]},"9":{"loc":{"start":{"line":172,"column":15},"end":{"line":172,"column":28}},"type":"binary-expr","locations":[{"start":{"line":172,"column":15},"end":{"line":172,"column":22}},{"start":{"line":172,"column":26},"end":{"line":172,"column":28}}]}},"s":{"0":1,"1":1,"2":1,"3":1,"4":15,"5":2,"6":2,"7":1,"8":1,"9":1,"10":1,"11":1,"12":15,"13":3,"14":3,"15":1,"16":2,"17":2,"18":1,"19":1,"20":1,"21":1,"22":1,"23":1,"24":1,"25":1,"26":15,"27":2,"28":2,"29":1,"30":1,"31":1,"32":1,"33":1,"34":1,"35":1,"36":15,"37":4,"38":4,"39":1,"40":3,"41":3,"42":1,"43":2,"44":2,"45":2,"46":2,"47":1,"48":1,"49":1,"50":0,"51":0,"52":0,"53":0,"54":0,"55":0,"56":0,"57":1,"58":1},"f":{"0":15,"1":2,"2":15,"3":3,"4":15,"5":2,"6":15,"7":4,"8":0,"9":0},"b":{"0":[1,1],"1":[1,2],"2":[1,1],"3":[1,0],"4":[1,1],"5":[1,3],"6":[1,2],"7":[0,0],"8":[0,0],"9":[0,0]}}
,"/Users/jonatanmachado/Documents/thinkworld/interno/api-saas/src/modules/subscription/domain/entities/subscription.entity.ts": {"path":"/Users/jonatanmachado/Documents/thinkworld/interno/api-saas/src/modules/subscription/domain/entities/subscription.entity.ts","statementMap":{"0":{"start":{"line":1,"column":0},"end":{"line":1,"column":55}},"1":{"start":{"line":3,"column":0},"end":{"line":3,"column":null}},"2":{"start":{"line":4,"column":2},"end":{"line":4,"column":null}},"3":{"start":{"line":5,"column":2},"end":{"line":5,"column":null}},"4":{"start":{"line":6,"column":2},"end":{"line":6,"column":null}},"5":{"start":{"line":9,"column":0},"end":{"line":9,"column":null}},"6":{"start":{"line":10,"column":2},"end":{"line":10,"column":null}},"7":{"start":{"line":11,"column":2},"end":{"line":11,"column":null}},"8":{"start":{"line":12,"column":2},"end":{"line":12,"column":null}},"9":{"start":{"line":26,"column":4},"end":{"line":26,"column":21}},"10":{"start":{"line":29,"column":17},"end":{"line":29,"column":42}},"11":{"start":{"line":30,"column":15},"end":{"line":30,"column":38}},"12":{"start":{"line":31,"column":17},"end":{"line":31,"column":42}},"13":{"start":{"line":32,"column":18},"end":{"line":32,"column":44}},"14":{"start":{"line":24,"column":0},"end":{"line":24,"column":13}}},"fnMap":{"0":{"name":"(anonymous_0)","decl":{"start":{"line":3,"column":0},"end":{"line":3,"column":12}},"loc":{"start":{"line":3,"column":28},"end":{"line":7,"column":1}}},"1":{"name":"(anonymous_1)","decl":{"start":{"line":9,"column":0},"end":{"line":9,"column":12}},"loc":{"start":{"line":9,"column":30},"end":{"line":13,"column":1}}},"2":{"name":"(anonymous_2)","decl":{"start":{"line":25,"column":2},"end":{"line":25,"column":14}},"loc":{"start":{"line":25,"column":51},"end":{"line":27,"column":3}}},"3":{"name":"(anonymous_3)","decl":{"start":{"line":29,"column":2},"end":{"line":29,"column":6}},"loc":{"start":{"line":29,"column":12},"end":{"line":29,"column":44}}},"4":{"name":"(anonymous_4)","decl":{"start":{"line":30,"column":2},"end":{"line":30,"column":6}},"loc":{"start":{"line":30,"column":10},"end":{"line":30,"column":40}}},"5":{"name":"(anonymous_5)","decl":{"start":{"line":31,"column":2},"end":{"line":31,"column":6}},"loc":{"start":{"line":31,"column":12},"end":{"line":31,"column":44}}},"6":{"name":"(anonymous_6)","decl":{"start":{"line":32,"column":2},"end":{"line":32,"column":6}},"loc":{"start":{"line":32,"column":13},"end":{"line":32,"column":46}}}},"branchMap":{"0":{"loc":{"start":{"line":3,"column":12},"end":{"line":3,"column":null}},"type":"binary-expr","locations":[{"start":{"line":3,"column":12},"end":{"line":3,"column":28}},{"start":{"line":3,"column":28},"end":{"line":3,"column":null}}]},"1":{"loc":{"start":{"line":9,"column":12},"end":{"line":9,"column":null}},"type":"binary-expr","locations":[{"start":{"line":9,"column":12},"end":{"line":9,"column":30}},{"start":{"line":9,"column":30},"end":{"line":9,"column":null}}]}},"s":{"0":1,"1":1,"2":1,"3":1,"4":1,"5":1,"6":1,"7":1,"8":1,"9":6,"10":3,"11":3,"12":3,"13":8,"14":1},"f":{"0":1,"1":1,"2":6,"3":3,"4":3,"5":3,"6":8},"b":{"0":[1,1],"1":[1,1]}}
,"/Users/jonatanmachado/Documents/thinkworld/interno/api-saas/src/modules/subscription/infra/http/controllers/subscription.controller.ts": {"path":"/Users/jonatanmachado/Documents/thinkworld/interno/api-saas/src/modules/subscription/infra/http/controllers/subscription.controller.ts","statementMap":{"0":{"start":{"line":1,"column":0},"end":{"line":1,"column":106}},"1":{"start":{"line":2,"column":0},"end":{"line":2,"column":84}},"2":{"start":{"line":3,"column":0},"end":{"line":3,"column":77}},"3":{"start":{"line":4,"column":0},"end":{"line":4,"column":null}},"4":{"start":{"line":10,"column":0},"end":{"line":10,"column":78}},"5":{"start":{"line":16,"column":7},"end":{"line":48,"column":null}},"6":{"start":{"line":18,"column":21},"end":{"line":18,"column":45}},"7":{"start":{"line":19,"column":21},"end":{"line":19,"column":41}},"8":{"start":{"line":20,"column":21},"end":{"line":20,"column":43}},"9":{"start":{"line":21,"column":21},"end":{"line":21,"column":45}},"10":{"start":{"line":28,"column":4},"end":{"line":28,"column":55}},"11":{"start":{"line":37,"column":4},"end":{"line":37,"column":67}},"12":{"start":{"line":46,"column":4},"end":{"line":46,"column":58}},"13":{"start":{"line":16,"column":13},"end":{"line":16,"column":35}},"14":{"start":{"line":27,"column":8},"end":{"line":29,"column":null}},"15":{"start":{"line":36,"column":8},"end":{"line":38,"column":null}},"16":{"start":{"line":45,"column":8},"end":{"line":47,"column":null}},"17":{"start":{"line":16,"column":13},"end":{"line":48,"column":null}},"18":{"start":{"line":54,"column":7},"end":{"line":66,"column":null}},"19":{"start":{"line":55,"column":31},"end":{"line":55,"column":55}},"20":{"start":{"line":64,"column":4},"end":{"line":64,"column":77}},"21":{"start":{"line":54,"column":13},"end":{"line":54,"column":30}},"22":{"start":{"line":63,"column":8},"end":{"line":65,"column":null}},"23":{"start":{"line":54,"column":13},"end":{"line":66,"column":null}}},"fnMap":{"0":{"name":"(anonymous_4)","decl":{"start":{"line":17,"column":2},"end":{"line":17,"column":null}},"loc":{"start":{"line":21,"column":67},"end":{"line":22,"column":6}}},"1":{"name":"(anonymous_5)","decl":{"start":{"line":27,"column":8},"end":{"line":27,"column":19}},"loc":{"start":{"line":27,"column":52},"end":{"line":29,"column":3}}},"2":{"name":"(anonymous_6)","decl":{"start":{"line":36,"column":8},"end":{"line":36,"column":15}},"loc":{"start":{"line":36,"column":61},"end":{"line":38,"column":3}}},"3":{"name":"(anonymous_7)","decl":{"start":{"line":45,"column":8},"end":{"line":45,"column":17}},"loc":{"start":{"line":45,"column":33},"end":{"line":47,"column":3}}},"4":{"name":"(anonymous_8)","decl":{"start":{"line":55,"column":2},"end":{"line":55,"column":31}},"loc":{"start":{"line":55,"column":77},"end":{"line":55,"column":81}}},"5":{"name":"(anonymous_9)","decl":{"start":{"line":63,"column":8},"end":{"line":63,"column":16}},"loc":{"start":{"line":63,"column":66},"end":{"line":65,"column":3}}}},"branchMap":{},"s":{"0":0,"1":0,"2":0,"3":0,"4":0,"5":0,"6":0,"7":0,"8":0,"9":0,"10":0,"11":0,"12":0,"13":0,"14":0,"15":0,"16":0,"17":0,"18":0,"19":0,"20":0,"21":0,"22":0,"23":0},"f":{"0":0,"1":0,"2":0,"3":0,"4":0,"5":0},"b":{}}
,"/Users/jonatanmachado/Documents/thinkworld/interno/api-saas/src/modules/subscription/infra/http/dtos/subscription.dto.ts": {"path":"/Users/jonatanmachado/Documents/thinkworld/interno/api-saas/src/modules/subscription/infra/http/dtos/subscription.dto.ts","statementMap":{"0":{"start":{"line":1,"column":0},"end":{"line":1,"column":83}},"1":{"start":{"line":2,"column":0},"end":{"line":2,"column":67}},"2":{"start":{"line":4,"column":0},"end":{"line":4,"column":null}},"3":{"start":{"line":5,"column":2},"end":{"line":5,"column":null}},"4":{"start":{"line":6,"column":2},"end":{"line":6,"column":null}},"5":{"start":{"line":7,"column":2},"end":{"line":7,"column":null}},"6":{"start":{"line":10,"column":0},"end":{"line":10,"column":13}},"7":{"start":{"line":13,"column":2},"end":{"line":13,"column":null}},"8":{"start":{"line":16,"column":0},"end":{"line":16,"column":13}},"9":{"start":{"line":19,"column":2},"end":{"line":19,"column":null}},"10":{"start":{"line":25,"column":2},"end":{"line":25,"column":null}}},"fnMap":{"0":{"name":"(anonymous_2)","decl":{"start":{"line":4,"column":0},"end":{"line":4,"column":12}},"loc":{"start":{"line":4,"column":20},"end":{"line":8,"column":1}}}},"branchMap":{"0":{"loc":{"start":{"line":4,"column":12},"end":{"line":4,"column":null}},"type":"binary-expr","locations":[{"start":{"line":4,"column":12},"end":{"line":4,"column":20}},{"start":{"line":4,"column":20},"end":{"line":4,"column":null}}]}},"s":{"0":0,"1":0,"2":0,"3":0,"4":0,"5":0,"6":0,"7":0,"8":0,"9":0,"10":0},"f":{"0":0},"b":{"0":[0,0]}}
,"/Users/jonatanmachado/Documents/thinkworld/interno/api-saas/src/modules/subscription/infra/repositories/prisma-subscription.repository.ts": {"path":"/Users/jonatanmachado/Documents/thinkworld/interno/api-saas/src/modules/subscription/infra/repositories/prisma-subscription.repository.ts","statementMap":{"0":{"start":{"line":1,"column":0},"end":{"line":1,"column":44}},"1":{"start":{"line":2,"column":0},"end":{"line":2,"column":63}},"2":{"start":{"line":3,"column":0},"end":{"line":3,"column":111}},"3":{"start":{"line":8,"column":7},"end":{"line":80,"column":null}},"4":{"start":{"line":9,"column":31},"end":{"line":9,"column":39}},"5":{"start":{"line":12,"column":4},"end":{"line":22,"column":6}},"6":{"start":{"line":26,"column":17},"end":{"line":32,"column":6}},"7":{"start":{"line":34,"column":4},"end":{"line":42,"column":7}},"8":{"start":{"line":46,"column":16},"end":{"line":46,"column":76}},"9":{"start":{"line":47,"column":4},"end":{"line":47,"column":26}},"10":{"start":{"line":47,"column":14},"end":{"line":47,"column":26}},"11":{"start":{"line":48,"column":4},"end":{"line":48,"column":30}},"12":{"start":{"line":52,"column":16},"end":{"line":52,"column":89}},"13":{"start":{"line":53,"column":4},"end":{"line":53,"column":26}},"14":{"start":{"line":53,"column":14},"end":{"line":53,"column":26}},"15":{"start":{"line":54,"column":4},"end":{"line":54,"column":30}},"16":{"start":{"line":58,"column":17},"end":{"line":60,"column":6}},"17":{"start":{"line":61,"column":4},"end":{"line":61,"column":45}},"18":{"start":{"line":61,"column":27},"end":{"line":61,"column":43}},"19":{"start":{"line":65,"column":17},"end":{"line":68,"column":6}},"20":{"start":{"line":69,"column":4},"end":{"line":78,"column":8}},"21":{"start":{"line":69,"column":28},"end":{"line":78,"column":6}},"22":{"start":{"line":8,"column":13},"end":{"line":8,"column":41}},"23":{"start":{"line":8,"column":13},"end":{"line":80,"column":null}}},"fnMap":{"0":{"name":"(anonymous_2)","decl":{"start":{"line":9,"column":2},"end":{"line":9,"column":31}},"loc":{"start":{"line":9,"column":52},"end":{"line":9,"column":56}}},"1":{"name":"(anonymous_3)","decl":{"start":{"line":11,"column":10},"end":{"line":11,"column":18}},"loc":{"start":{"line":11,"column":27},"end":{"line":23,"column":3}}},"2":{"name":"(anonymous_4)","decl":{"start":{"line":25,"column":2},"end":{"line":25,"column":7}},"loc":{"start":{"line":25,"column":39},"end":{"line":43,"column":3}}},"3":{"name":"(anonymous_5)","decl":{"start":{"line":45,"column":2},"end":{"line":45,"column":7}},"loc":{"start":{"line":45,"column":27},"end":{"line":49,"column":3}}},"4":{"name":"(anonymous_6)","decl":{"start":{"line":51,"column":2},"end":{"line":51,"column":7}},"loc":{"start":{"line":51,"column":35},"end":{"line":55,"column":3}}},"5":{"name":"(anonymous_7)","decl":{"start":{"line":57,"column":2},"end":{"line":57,"column":7}},"loc":{"start":{"line":57,"column":15},"end":{"line":62,"column":3}}},"6":{"name":"(anonymous_8)","decl":{"start":{"line":61,"column":20},"end":{"line":61,"column":21}},"loc":{"start":{"line":61,"column":27},"end":{"line":61,"column":43}}},"7":{"name":"(anonymous_9)","decl":{"start":{"line":64,"column":2},"end":{"line":64,"column":7}},"loc":{"start":{"line":64,"column":24},"end":{"line":79,"column":3}}},"8":{"name":"(anonymous_10)","decl":{"start":{"line":69,"column":20},"end":{"line":69,"column":21}},"loc":{"start":{"line":69,"column":28},"end":{"line":78,"column":6}}}},"branchMap":{"0":{"loc":{"start":{"line":47,"column":4},"end":{"line":47,"column":26}},"type":"if","locations":[{"start":{"line":47,"column":4},"end":{"line":47,"column":26}},{"start":{},"end":{}}]},"1":{"loc":{"start":{"line":53,"column":4},"end":{"line":53,"column":26}},"type":"if","locations":[{"start":{"line":53,"column":4},"end":{"line":53,"column":26}},{"start":{},"end":{}}]}},"s":{"0":0,"1":0,"2":0,"3":0,"4":0,"5":0,"6":0,"7":0,"8":0,"9":0,"10":0,"11":0,"12":0,"13":0,"14":0,"15":0,"16":0,"17":0,"18":0,"19":0,"20":0,"21":0,"22":0,"23":0},"f":{"0":0,"1":0,"2":0,"3":0,"4":0,"5":0,"6":0,"7":0,"8":0},"b":{"0":[0,0],"1":[0,0]}}
,"/Users/jonatanmachado/Documents/thinkworld/interno/api-saas/src/types/streamifier.d.ts": {"path":"/Users/jonatanmachado/Documents/thinkworld/interno/api-saas/src/types/streamifier.d.ts","statementMap":{},"fnMap":{},"branchMap":{},"s":{},"f":{},"b":{}}
}
