TN:
SF:src/app.controller.ts
FN:6,(anonymous_2)
FN:9,(anonymous_3)
FNF:2
FNH:2
FNDA:1,(anonymous_2)
FNDA:1,(anonymous_3)
DA:1,1
DA:2,1
DA:5,1
DA:6,1
DA:9,1
DA:10,1
LF:6
LH:6
BRF:0
BRH:0
end_of_record
TN:
SF:src/app.module.ts
FNF:0
FNH:0
DA:1,0
DA:2,0
DA:3,0
DA:4,0
DA:5,0
DA:6,0
DA:7,0
DA:8,0
DA:9,0
DA:10,0
DA:29,0
LF:11
LH:0
BRF:0
BRH:0
end_of_record
TN:
SF:src/app.service.ts
FN:5,(anonymous_1)
FNF:1
FNH:1
FNDA:1,(anonymous_1)
DA:1,1
DA:4,1
DA:6,1
LF:3
LH:3
BRF:0
BRH:0
end_of_record
TN:
SF:src/main.ts
FN:7,bootstrap
FN:16,(anonymous_1)
FNF:2
FNH:0
FNDA:0,bootstrap
FNDA:0,(anonymous_1)
DA:1,0
DA:2,0
DA:3,0
DA:4,0
DA:5,0
DA:8,0
DA:9,0
DA:12,0
DA:15,0
DA:16,0
DA:19,0
DA:26,0
DA:38,0
DA:41,0
DA:47,0
DA:48,0
DA:50,0
DA:51,0
DA:52,0
DA:53,0
DA:55,0
LF:21
LH:0
BRDA:15,0,0,0
BRDA:15,0,1,0
BRDA:50,1,0,0
BRDA:50,1,1,0
BRF:4
BRH:0
end_of_record
TN:
SF:src/core/base-classes.ts
FN:7,(anonymous_0)
FN:12,(anonymous_1)
FNF:2
FNH:2
FNDA:63,(anonymous_0)
FNDA:165,(anonymous_1)
DA:1,9
DA:3,9
DA:8,63
DA:9,63
DA:13,165
LF:5
LH:5
BRDA:8,0,0,49
BRDA:8,0,1,14
BRF:2
BRH:2
end_of_record
TN:
SF:src/core/decorators/current-user.decorator.ts
FN:4,(anonymous_0)
FNF:1
FNH:0
FNDA:0,(anonymous_0)
DA:1,0
DA:3,0
DA:5,0
DA:6,0
LF:4
LH:0
BRF:0
BRH:0
end_of_record
TN:
SF:src/core/decorators/roles.decorator.ts
FN:4,(anonymous_0)
FNF:1
FNH:0
FNDA:0,(anonymous_0)
DA:1,0
DA:4,0
LF:2
LH:0
BRF:0
BRH:0
end_of_record
TN:
SF:src/core/filters/all-exceptions.filter.ts
FN:15,(anonymous_2)
FN:17,(anonymous_3)
FNF:2
FNH:0
FNDA:0,(anonymous_2)
FNDA:0,(anonymous_3)
DA:1,0
DA:9,0
DA:12,0
DA:13,0
DA:15,0
DA:18,0
DA:20,0
DA:23,0
DA:27,0
DA:39,0
DA:40,0
DA:43,0
LF:12
LH:0
BRDA:23,0,0,0
BRDA:23,0,1,0
BRDA:33,1,0,0
BRDA:33,1,1,0
BRDA:36,2,0,0
BRDA:36,2,1,0
BRDA:39,3,0,0
BRDA:39,3,1,0
BRF:8
BRH:0
end_of_record
TN:
SF:src/core/guards/roles.guard.ts
FN:7,(anonymous_2)
FN:9,(anonymous_3)
FNF:2
FNH:0
FNDA:0,(anonymous_2)
FNDA:0,(anonymous_3)
DA:1,0
DA:2,0
DA:6,0
DA:7,0
DA:10,0
DA:14,0
DA:15,0
DA:17,0
DA:18,0
DA:19,0
DA:21,0
LF:11
LH:0
BRDA:14,0,0,0
BRDA:14,0,1,0
BRDA:18,1,0,0
BRDA:18,1,1,0
BRDA:18,2,0,0
BRDA:18,2,1,0
BRF:6
BRH:0
end_of_record
TN:
SF:src/core/pipes/empty-string-to-null.pipe.ts
FN:5,(anonymous_1)
FN:12,(anonymous_2)
FNF:2
FNH:0
FNDA:0,(anonymous_1)
FNDA:0,(anonymous_2)
DA:1,0
DA:4,0
DA:6,0
DA:7,0
DA:9,0
DA:13,0
DA:14,0
DA:15,0
DA:16,0
DA:19,0
LF:10
LH:0
BRDA:6,0,0,0
BRDA:6,0,1,0
BRDA:6,1,0,0
BRDA:6,1,1,0
BRDA:15,2,0,0
BRDA:15,2,1,0
BRDA:15,3,0,0
BRDA:15,3,1,0
BRF:8
BRH:0
end_of_record
TN:
SF:src/modules/admin/admin.module.ts
FNF:0
FNH:0
DA:1,0
DA:2,0
DA:3,0
DA:4,0
DA:5,0
DA:13,0
DA:30,0
LF:7
LH:0
BRF:0
BRH:0
end_of_record
TN:
SF:src/modules/admin/application/use-cases/admin-mgmt.use-cases.ts
FN:6,(anonymous_2)
FN:8,(anonymous_3)
FN:18,(anonymous_4)
FN:28,(anonymous_5)
FN:45,(anonymous_6)
FN:47,(anonymous_7)
FN:86,(anonymous_8)
FN:88,(anonymous_9)
FN:121,(anonymous_10)
FN:123,(anonymous_11)
FN:133,(anonymous_12)
FN:142,(anonymous_13)
FN:159,(anonymous_14)
FN:161,(anonymous_15)
FN:187,(anonymous_16)
FN:189,(anonymous_17)
FNF:16
FNH:0
FNDA:0,(anonymous_2)
FNDA:0,(anonymous_3)
FNDA:0,(anonymous_4)
FNDA:0,(anonymous_5)
FNDA:0,(anonymous_6)
FNDA:0,(anonymous_7)
FNDA:0,(anonymous_8)
FNDA:0,(anonymous_9)
FNDA:0,(anonymous_10)
FNDA:0,(anonymous_11)
FNDA:0,(anonymous_12)
FNDA:0,(anonymous_13)
FNDA:0,(anonymous_14)
FNDA:0,(anonymous_15)
FNDA:0,(anonymous_16)
FNDA:0,(anonymous_17)
DA:1,0
DA:2,0
DA:5,0
DA:6,0
DA:9,0
DA:13,0
DA:17,0
DA:18,0
DA:28,0
DA:44,0
DA:45,0
DA:48,0
DA:52,0
DA:53,0
DA:56,0
DA:65,0
DA:85,0
DA:86,0
DA:89,0
DA:93,0
DA:94,0
DA:97,0
DA:106,0
DA:120,0
DA:121,0
DA:124,0
DA:128,0
DA:132,0
DA:133,0
DA:142,0
DA:158,0
DA:159,0
DA:162,0
DA:171,0
DA:186,0
DA:187,0
DA:190,0
DA:194,0
DA:195,0
DA:198,0
DA:202,0
LF:41
LH:0
BRDA:52,0,0,0
BRDA:52,0,1,0
BRDA:60,1,0,0
BRDA:60,1,1,0
BRDA:61,2,0,0
BRDA:61,2,1,0
BRDA:93,3,0,0
BRDA:93,3,1,0
BRDA:100,4,0,0
BRDA:100,4,1,0
BRDA:101,5,0,0
BRDA:101,5,1,0
BRDA:102,6,0,0
BRDA:102,6,1,0
BRDA:194,7,0,0
BRDA:194,7,1,0
BRF:16
BRH:0
end_of_record
TN:
SF:src/modules/admin/application/use-cases/admin-stats.use-case.ts
FN:6,(anonymous_2)
FN:8,(anonymous_3)
FNF:2
FNH:0
FNDA:0,(anonymous_2)
FNDA:0,(anonymous_3)
DA:1,0
DA:2,0
DA:5,0
DA:6,0
DA:9,0
DA:10,0
DA:11,0
DA:12,0
DA:16,0
LF:9
LH:0
BRF:0
BRH:0
end_of_record
TN:
SF:src/modules/admin/application/use-cases/admin-user.use-cases.ts
FN:6,(anonymous_2)
FN:8,(anonymous_3)
FN:14,(anonymous_4)
FN:30,(anonymous_5)
FN:32,(anonymous_6)
FNF:5
FNH:0
FNDA:0,(anonymous_2)
FNDA:0,(anonymous_3)
FNDA:0,(anonymous_4)
FNDA:0,(anonymous_5)
FNDA:0,(anonymous_6)
DA:1,0
DA:2,0
DA:5,0
DA:6,0
DA:9,0
DA:14,0
DA:29,0
DA:30,0
DA:33,0
DA:34,0
DA:35,0
DA:38,0
DA:40,0
LF:13
LH:0
BRDA:21,0,0,0
BRDA:21,0,1,0
BRDA:22,1,0,0
BRDA:22,1,1,0
BRDA:23,2,0,0
BRDA:23,2,1,0
BRDA:34,3,0,0
BRDA:34,3,1,0
BRDA:38,4,0,0
BRDA:38,4,1,0
BRF:10
BRH:0
end_of_record
TN:
SF:src/modules/admin/infra/http/controllers/admin.controller.ts
FN:30,(anonymous_4)
FN:46,(anonymous_5)
FN:53,(anonymous_6)
FN:61,(anonymous_7)
FN:69,(anonymous_8)
FN:77,(anonymous_9)
FN:85,(anonymous_10)
FN:95,(anonymous_11)
FN:103,(anonymous_12)
FN:111,(anonymous_13)
FNF:10
FNH:0
FNDA:0,(anonymous_4)
FNDA:0,(anonymous_5)
FNDA:0,(anonymous_6)
FNDA:0,(anonymous_7)
FNDA:0,(anonymous_8)
FNDA:0,(anonymous_9)
FNDA:0,(anonymous_10)
FNDA:0,(anonymous_11)
FNDA:0,(anonymous_12)
FNDA:0,(anonymous_13)
DA:1,0
DA:2,0
DA:3,0
DA:4,0
DA:5,0
DA:6,0
DA:7,0
DA:8,0
DA:9,0
DA:17,0
DA:29,0
DA:31,0
DA:32,0
DA:33,0
DA:34,0
DA:35,0
DA:36,0
DA:37,0
DA:38,0
DA:39,0
DA:46,0
DA:47,0
DA:53,0
DA:54,0
DA:61,0
DA:62,0
DA:63,0
DA:69,0
DA:70,0
DA:77,0
DA:78,0
DA:85,0
DA:89,0
DA:95,0
DA:96,0
DA:103,0
DA:104,0
DA:111,0
DA:112,0
LF:39
LH:0
BRF:0
BRH:0
end_of_record
TN:
SF:src/modules/admin/infra/http/dtos/admin.dto.ts
FN:4,(anonymous_2)
FN:11,(anonymous_3)
FN:17,(anonymous_4)
FNF:3
FNH:0
FNDA:0,(anonymous_2)
FNDA:0,(anonymous_3)
FNDA:0,(anonymous_4)
DA:1,0
DA:2,0
DA:4,0
DA:5,0
DA:6,0
DA:7,0
DA:8,0
DA:11,0
DA:12,0
DA:13,0
DA:14,0
DA:17,0
DA:18,0
DA:19,0
DA:20,0
DA:23,0
DA:26,0
DA:29,0
DA:32,0
DA:36,0
DA:41,0
DA:47,0
DA:50,0
DA:54,0
DA:59,0
DA:65,0
DA:68,0
DA:71,0
DA:76,0
DA:82,0
DA:88,0
LF:31
LH:0
BRDA:4,0,0,0
BRDA:4,0,1,0
BRDA:11,1,0,0
BRDA:11,1,1,0
BRDA:17,2,0,0
BRDA:17,2,1,0
BRF:6
BRH:0
end_of_record
TN:
SF:src/modules/agents/agents.module.ts
FNF:0
FNH:0
DA:1,0
DA:2,0
DA:3,0
DA:4,0
DA:10,0
DA:27,0
LF:6
LH:0
BRF:0
BRH:0
end_of_record
TN:
SF:src/modules/agents/application/use-cases/agent.use-cases.ts
FN:24,(anonymous_4)
FN:29,(anonymous_5)
FN:99,(anonymous_6)
FN:104,(anonymous_7)
FN:162,(anonymous_8)
FN:167,(anonymous_9)
FN:169,(anonymous_10)
FN:191,(anonymous_11)
FN:196,(anonymous_12)
FNF:9
FNH:9
FNDA:11,(anonymous_4)
FNDA:1,(anonymous_5)
FNDA:11,(anonymous_6)
FNDA:2,(anonymous_7)
FNDA:11,(anonymous_8)
FNDA:2,(anonymous_9)
FNDA:1,(anonymous_10)
FNDA:11,(anonymous_11)
FNDA:2,(anonymous_12)
DA:1,1
DA:3,1
DA:23,1
DA:26,11
DA:30,1
DA:31,1
DA:34,1
DA:35,0
DA:39,1
DA:40,0
DA:44,1
DA:46,1
DA:61,1
DA:63,1
DA:98,1
DA:101,11
DA:105,2
DA:106,2
DA:107,1
DA:110,1
DA:113,1
DA:114,0
DA:117,1
DA:135,1
DA:137,1
DA:161,1
DA:164,11
DA:168,2
DA:169,2
DA:190,1
DA:193,11
DA:197,2
DA:198,2
DA:199,1
DA:201,1
LF:35
LH:32
BRDA:30,0,0,1
BRDA:30,0,1,0
BRDA:31,1,0,1
BRDA:31,1,1,0
BRDA:34,2,0,0
BRDA:34,2,1,1
BRDA:34,3,0,1
BRDA:34,3,1,0
BRDA:39,4,0,0
BRDA:39,4,1,1
BRDA:39,5,0,1
BRDA:39,5,1,0
BRDA:39,5,2,0
BRDA:44,6,0,0
BRDA:44,6,1,1
BRDA:44,7,0,0
BRDA:44,7,1,0
BRDA:77,8,0,1
BRDA:77,8,1,1
BRDA:106,9,0,1
BRDA:106,9,1,1
BRDA:110,10,0,1
BRDA:110,10,1,1
BRDA:113,11,0,0
BRDA:113,11,1,1
BRDA:113,12,0,1
BRDA:113,12,1,0
BRDA:113,12,2,0
BRDA:120,13,0,1
BRDA:120,13,1,0
BRDA:121,14,0,1
BRDA:121,14,1,0
BRDA:122,15,0,1
BRDA:122,15,1,1
BRDA:123,16,0,1
BRDA:123,16,1,1
BRDA:124,17,0,1
BRDA:124,17,1,1
BRDA:125,18,0,1
BRDA:125,18,1,1
BRDA:126,19,0,1
BRDA:126,19,1,1
BRDA:127,20,0,1
BRDA:127,20,1,1
BRDA:128,21,0,1
BRDA:128,21,1,1
BRDA:129,22,0,1
BRDA:129,22,1,1
BRDA:130,23,0,1
BRDA:130,23,1,1
BRDA:198,24,0,1
BRDA:198,24,1,1
BRF:52
BRH:37
end_of_record
TN:
SF:src/modules/agents/domain/entities/agent.entity.ts
FN:3,(anonymous_0)
FN:29,(anonymous_1)
FN:36,(anonymous_2)
FN:39,(anonymous_3)
FN:42,(anonymous_4)
FN:45,(anonymous_5)
FN:48,(anonymous_6)
FN:51,(anonymous_7)
FN:54,(anonymous_8)
FN:57,(anonymous_9)
FN:60,(anonymous_10)
FN:63,(anonymous_11)
FN:66,(anonymous_12)
FN:69,(anonymous_13)
FNF:14
FNH:14
FNDA:2,(anonymous_0)
FNDA:4,(anonymous_1)
FNDA:3,(anonymous_2)
FNDA:3,(anonymous_3)
FNDA:3,(anonymous_4)
FNDA:4,(anonymous_5)
FNDA:4,(anonymous_6)
FNDA:4,(anonymous_7)
FNDA:7,(anonymous_8)
FNDA:7,(anonymous_9)
FNDA:7,(anonymous_10)
FNDA:7,(anonymous_11)
FNDA:10,(anonymous_12)
FNDA:4,(anonymous_13)
DA:1,2
DA:3,2
DA:4,2
DA:5,2
DA:6,2
DA:7,2
DA:8,2
DA:28,2
DA:30,4
DA:31,4
DA:32,1
DA:37,3
DA:40,3
DA:43,3
DA:46,4
DA:49,4
DA:52,4
DA:55,7
DA:58,7
DA:61,7
DA:64,7
DA:67,10
DA:70,4
LF:23
LH:23
BRDA:3,0,0,2
BRDA:3,0,1,2
BRDA:31,1,0,1
BRDA:31,1,1,3
BRF:4
BRH:4
end_of_record
TN:
SF:src/modules/agents/infra/http/controllers/agent.controller.ts
FN:21,(anonymous_4)
FN:32,(anonymous_5)
FN:48,(anonymous_6)
FN:70,(anonymous_7)
FN:81,(anonymous_8)
FNF:5
FNH:0
FNDA:0,(anonymous_4)
FNDA:0,(anonymous_5)
FNDA:0,(anonymous_6)
FNDA:0,(anonymous_7)
FNDA:0,(anonymous_8)
DA:1,0
DA:2,0
DA:3,0
DA:9,0
DA:10,0
DA:11,0
DA:12,0
DA:13,0
DA:14,0
DA:20,0
DA:22,0
DA:23,0
DA:24,0
DA:25,0
DA:26,0
DA:32,0
DA:34,0
DA:38,0
DA:39,0
DA:48,0
DA:50,0
DA:54,0
DA:56,0
DA:70,0
DA:71,0
DA:81,0
DA:82,0
DA:83,0
LF:28
LH:0
BRDA:38,0,0,0
BRDA:38,0,1,0
BRDA:54,1,0,0
BRDA:54,1,1,0
BRF:4
BRH:0
end_of_record
TN:
SF:src/modules/agents/infra/http/dtos/create-agent.dto.ts
FNF:0
FNH:0
DA:1,0
DA:2,0
DA:3,0
DA:5,0
DA:8,0
DA:13,0
DA:19,0
DA:25,0
DA:31,0
DA:37,0
DA:43,0
DA:49,0
DA:55,0
DA:61,0
DA:67,0
DA:76,0
LF:16
LH:0
BRF:0
BRH:0
end_of_record
TN:
SF:src/modules/agents/infra/http/dtos/update-agent.dto.ts
FNF:0
FNH:0
DA:1,0
DA:2,0
DA:3,0
DA:5,0
DA:10,0
DA:16,0
DA:22,0
DA:28,0
DA:34,0
DA:40,0
DA:46,0
DA:52,0
DA:58,0
DA:64,0
DA:73,0
LF:15
LH:0
BRF:0
BRH:0
end_of_record
TN:
SF:src/modules/agents/infra/repositories/prisma-agent.repository.ts
FN:8,(anonymous_2)
FN:10,(anonymous_3)
FN:32,(anonymous_4)
FN:68,(anonymous_5)
FN:74,(anonymous_6)
FN:79,(anonymous_7)
FN:82,(anonymous_8)
FN:116,(anonymous_9)
FN:119,(anonymous_10)
FNF:9
FNH:0
FNDA:0,(anonymous_2)
FNDA:0,(anonymous_3)
FNDA:0,(anonymous_4)
FNDA:0,(anonymous_5)
FNDA:0,(anonymous_6)
FNDA:0,(anonymous_7)
FNDA:0,(anonymous_8)
FNDA:0,(anonymous_9)
FNDA:0,(anonymous_10)
DA:1,0
DA:2,0
DA:3,0
DA:7,0
DA:8,0
DA:11,0
DA:33,0
DA:49,0
DA:69,0
DA:70,0
DA:71,0
DA:75,0
DA:79,0
DA:83,0
DA:84,0
DA:85,0
DA:87,0
DA:95,0
DA:96,0
DA:100,0
DA:101,0
DA:105,0
DA:106,0
DA:109,0
DA:116,0
DA:120,0
LF:26
LH:0
BRDA:70,0,0,0
BRDA:70,0,1,0
BRDA:95,1,0,0
BRDA:95,1,1,0
BRDA:95,2,0,0
BRDA:95,2,1,0
BRDA:100,3,0,0
BRDA:100,3,1,0
BRDA:105,4,0,0
BRDA:105,4,1,0
BRF:10
BRH:0
end_of_record
TN:
SF:src/modules/chat/chat.module.ts
FNF:0
FNH:0
DA:1,0
DA:2,0
DA:3,0
DA:4,0
DA:5,0
DA:6,0
DA:7,0
DA:23,0
LF:8
LH:0
BRF:0
BRH:0
end_of_record
TN:
SF:src/modules/chat/application/use-cases/chat.use-cases.ts
FN:9,(anonymous_4)
FN:16,(anonymous_5)
FN:39,(anonymous_6)
FN:91,(anonymous_7)
FN:93,(anonymous_8)
FN:101,(anonymous_9)
FN:103,(anonymous_10)
FN:116,(anonymous_11)
FN:128,(anonymous_12)
FN:134,(anonymous_13)
FN:157,(anonymous_14)
FN:159,(anonymous_15)
FNF:12
FNH:12
FNDA:15,(anonymous_4)
FNDA:4,(anonymous_5)
FNDA:6,(anonymous_6)
FNDA:15,(anonymous_7)
FNDA:2,(anonymous_8)
FNDA:15,(anonymous_9)
FNDA:3,(anonymous_10)
FNDA:2,(anonymous_11)
FNDA:15,(anonymous_12)
FNDA:3,(anonymous_13)
FNDA:15,(anonymous_14)
FNDA:3,(anonymous_15)
DA:1,1
DA:2,1
DA:3,1
DA:5,1
DA:8,1
DA:10,15
DA:12,15
DA:13,15
DA:17,4
DA:18,4
DA:19,1
DA:22,3
DA:28,3
DA:31,3
DA:33,3
DA:34,3
DA:35,0
DA:39,6
DA:42,3
DA:56,3
DA:57,3
DA:62,3
DA:64,3
DA:79,0
DA:90,1
DA:91,15
DA:94,2
DA:95,2
DA:100,1
DA:101,15
DA:105,3
DA:106,3
DA:107,1
DA:110,2
DA:111,1
DA:114,1
DA:116,2
DA:127,1
DA:129,15
DA:131,15
DA:136,3
DA:137,3
DA:138,1
DA:142,2
DA:144,2
DA:156,1
DA:157,15
DA:161,3
DA:162,3
DA:163,1
DA:166,2
DA:167,1
DA:171,1
DA:173,1
LF:54
LH:52
BRDA:18,0,0,1
BRDA:18,0,1,3
BRDA:31,1,0,3
BRDA:31,1,1,0
BRDA:34,2,0,0
BRDA:34,2,1,3
BRDA:39,3,0,3
BRDA:39,3,1,0
BRDA:45,4,0,3
BRDA:45,4,1,0
BRDA:47,5,0,3
BRDA:47,5,1,0
BRDA:48,6,0,3
BRDA:48,6,1,0
BRDA:49,7,0,3
BRDA:49,7,1,0
BRDA:56,8,0,3
BRDA:56,8,1,0
BRDA:56,8,2,0
BRDA:69,9,0,3
BRDA:69,9,1,3
BRDA:74,10,0,3
BRDA:74,10,1,3
BRDA:84,11,0,0
BRDA:84,11,1,0
BRDA:106,12,0,1
BRDA:106,12,1,2
BRDA:110,13,0,1
BRDA:110,13,1,1
BRDA:121,14,0,2
BRDA:121,14,1,2
BRDA:137,15,0,1
BRDA:137,15,1,2
BRDA:162,16,0,1
BRDA:162,16,1,2
BRDA:166,17,0,1
BRDA:166,17,1,1
BRF:37
BRH:26
end_of_record
TN:
SF:src/modules/chat/domain/entities/chat.entity.ts
FN:3,(anonymous_0)
FN:16,(anonymous_1)
FN:20,(anonymous_2)
FN:21,(anonymous_3)
FN:22,(anonymous_4)
FN:34,(anonymous_5)
FN:38,(anonymous_6)
FN:39,(anonymous_7)
FN:40,(anonymous_8)
FNF:9
FNH:9
FNDA:1,(anonymous_0)
FNDA:9,(anonymous_1)
FNDA:5,(anonymous_2)
FNDA:8,(anonymous_3)
FNDA:2,(anonymous_4)
FNDA:3,(anonymous_5)
FNDA:6,(anonymous_6)
FNDA:5,(anonymous_7)
FNDA:2,(anonymous_8)
DA:1,1
DA:3,1
DA:4,1
DA:5,1
DA:15,1
DA:17,9
DA:20,5
DA:21,8
DA:22,2
DA:33,1
DA:35,3
DA:38,6
DA:39,5
DA:40,2
LF:14
LH:14
BRDA:3,0,0,1
BRDA:3,0,1,1
BRF:2
BRH:2
end_of_record
TN:
SF:src/modules/chat/infra/external-api/ai-chat.service.ts
FN:26,(anonymous_3)
FN:30,(anonymous_4)
FNF:2
FNH:0
FNDA:0,(anonymous_3)
FNDA:0,(anonymous_4)
DA:1,1
DA:2,1
DA:3,1
DA:23,1
DA:26,0
DA:27,0
DA:31,0
DA:32,0
DA:39,0
DA:41,0
DA:43,0
DA:44,0
DA:45,0
DA:46,0
DA:53,0
DA:57,0
DA:58,0
DA:63,0
LF:18
LH:4
BRDA:27,0,0,0
BRDA:27,0,1,0
BRDA:41,1,0,0
BRDA:41,1,1,0
BRDA:43,2,0,0
BRDA:43,2,1,0
BRDA:45,3,0,0
BRDA:45,3,1,0
BRDA:45,4,0,0
BRDA:45,4,1,0
BRDA:54,5,0,0
BRDA:54,5,1,0
BRDA:54,5,2,0
BRDA:57,6,0,0
BRDA:57,6,1,0
BRF:15
BRH:0
end_of_record
TN:
SF:src/modules/chat/infra/http/controllers/chat.controller.ts
FN:14,(anonymous_4)
FN:25,(anonymous_5)
FN:34,(anonymous_6)
FN:42,(anonymous_7)
FN:54,(anonymous_8)
FN:66,(anonymous_9)
FNF:6
FNH:0
FNDA:0,(anonymous_4)
FNDA:0,(anonymous_5)
FNDA:0,(anonymous_6)
FNDA:0,(anonymous_7)
FNDA:0,(anonymous_8)
FNDA:0,(anonymous_9)
DA:1,0
DA:2,0
DA:3,0
DA:4,0
DA:5,0
DA:6,0
DA:7,0
DA:13,0
DA:15,0
DA:16,0
DA:17,0
DA:18,0
DA:19,0
DA:25,0
DA:26,0
DA:34,0
DA:35,0
DA:42,0
DA:46,0
DA:54,0
DA:58,0
DA:66,0
DA:70,0
LF:23
LH:0
BRF:0
BRH:0
end_of_record
TN:
SF:src/modules/chat/infra/http/dtos/chat.dto.ts
FNF:0
FNH:0
DA:1,0
DA:2,0
DA:4,0
DA:9,0
DA:12,0
DA:15,0
DA:21,0
LF:7
LH:0
BRF:0
BRH:0
end_of_record
TN:
SF:src/modules/chat/infra/repositories/prisma-chat.repository.ts
FN:7,(anonymous_2)
FN:9,(anonymous_3)
FN:24,(anonymous_4)
FN:35,(anonymous_5)
FN:51,(anonymous_6)
FN:58,(anonymous_7)
FN:72,(anonymous_8)
FN:84,(anonymous_9)
FN:95,(anonymous_10)
FN:112,(anonymous_11)
FN:119,(anonymous_12)
FN:132,(anonymous_13)
FNF:12
FNH:0
FNDA:0,(anonymous_2)
FNDA:0,(anonymous_3)
FNDA:0,(anonymous_4)
FNDA:0,(anonymous_5)
FNDA:0,(anonymous_6)
FNDA:0,(anonymous_7)
FNDA:0,(anonymous_8)
FNDA:0,(anonymous_9)
FNDA:0,(anonymous_10)
FNDA:0,(anonymous_11)
FNDA:0,(anonymous_12)
FNDA:0,(anonymous_13)
DA:1,1
DA:2,1
DA:3,1
DA:6,1
DA:7,0
DA:10,0
DA:17,0
DA:25,0
DA:31,0
DA:32,0
DA:36,0
DA:37,0
DA:39,0
DA:52,0
DA:57,0
DA:59,0
DA:73,0
DA:84,0
DA:96,0
DA:106,0
DA:113,0
DA:118,0
DA:120,0
DA:133,0
LF:24
LH:4
BRDA:28,0,0,0
BRDA:28,0,1,0
BRDA:37,1,0,0
BRDA:37,1,1,0
BRDA:89,2,0,0
BRDA:89,2,1,0
BRF:6
BRH:0
end_of_record
TN:
SF:src/modules/contact/contact.module.ts
FNF:0
FNH:0
DA:1,0
DA:2,0
DA:3,0
DA:4,0
DA:17,0
LF:5
LH:0
BRF:0
BRH:0
end_of_record
TN:
SF:src/modules/contact/application/use-cases/send-contact.use-case.ts
FN:15,(anonymous_4)
FN:20,(anonymous_5)
FN:54,(anonymous_6)
FNF:3
FNH:0
FNDA:0,(anonymous_4)
FNDA:0,(anonymous_5)
FNDA:0,(anonymous_6)
DA:1,0
DA:3,0
DA:14,0
DA:17,0
DA:22,0
DA:23,0
DA:26,0
DA:27,0
DA:30,0
DA:31,0
DA:34,0
DA:35,0
DA:38,0
DA:46,0
DA:48,0
DA:55,0
DA:56,0
LF:17
LH:0
BRDA:22,0,0,0
BRDA:22,0,1,0
BRDA:22,1,0,0
BRDA:22,1,1,0
BRDA:22,1,2,0
BRDA:26,2,0,0
BRDA:26,2,1,0
BRDA:26,3,0,0
BRDA:26,3,1,0
BRDA:30,4,0,0
BRDA:30,4,1,0
BRDA:30,5,0,0
BRDA:30,5,1,0
BRDA:30,5,2,0
BRDA:34,6,0,0
BRDA:34,6,1,0
BRDA:34,7,0,0
BRDA:34,7,1,0
BRDA:34,7,2,0
BRF:19
BRH:0
end_of_record
TN:
SF:src/modules/contact/domain/entities/contact.entity.ts
FN:13,(anonymous_0)
FN:17,(anonymous_1)
FN:21,(anonymous_2)
FN:25,(anonymous_3)
FN:29,(anonymous_4)
FN:33,(anonymous_5)
FN:37,(anonymous_6)
FNF:7
FNH:0
FNDA:0,(anonymous_0)
FNDA:0,(anonymous_1)
FNDA:0,(anonymous_2)
FNDA:0,(anonymous_3)
FNDA:0,(anonymous_4)
FNDA:0,(anonymous_5)
FNDA:0,(anonymous_6)
DA:1,0
DA:12,0
DA:14,0
DA:18,0
DA:22,0
DA:26,0
DA:30,0
DA:34,0
DA:38,0
LF:9
LH:0
BRF:0
BRH:0
end_of_record
TN:
SF:src/modules/contact/infra/http/controllers/contact.controller.ts
FN:9,(anonymous_4)
FN:16,(anonymous_5)
FNF:2
FNH:0
FNDA:0,(anonymous_4)
FNDA:0,(anonymous_5)
DA:1,0
DA:2,0
DA:3,0
DA:4,0
DA:8,0
DA:9,0
DA:16,0
DA:17,0
LF:8
LH:0
BRF:0
BRH:0
end_of_record
TN:
SF:src/modules/contact/infra/http/dtos/send-contact.dto.ts
FNF:0
FNH:0
DA:1,0
DA:2,0
DA:4,0
DA:9,0
DA:13,0
DA:19,0
DA:25,0
DA:31,0
LF:8
LH:0
BRF:0
BRH:0
end_of_record
TN:
SF:src/modules/contact/infra/repositories/prisma-contact.repository.ts
FN:8,(anonymous_2)
FN:10,(anonymous_3)
FN:24,(anonymous_4)
FN:37,(anonymous_5)
FN:43,(anonymous_6)
FN:47,(anonymous_7)
FNF:6
FNH:0
FNDA:0,(anonymous_2)
FNDA:0,(anonymous_3)
FNDA:0,(anonymous_4)
FNDA:0,(anonymous_5)
FNDA:0,(anonymous_6)
FNDA:0,(anonymous_7)
DA:1,0
DA:2,0
DA:3,0
DA:7,0
DA:8,0
DA:11,0
DA:25,0
DA:38,0
DA:39,0
DA:40,0
DA:44,0
DA:47,0
LF:12
LH:0
BRDA:39,0,0,0
BRDA:39,0,1,0
BRF:2
BRH:0
end_of_record
TN:
SF:src/modules/iam/iam.module.ts
FN:21,(anonymous_1)
FNF:1
FNH:0
FNDA:0,(anonymous_1)
DA:1,0
DA:2,0
DA:3,0
DA:4,0
DA:5,0
DA:6,0
DA:7,0
DA:8,0
DA:9,0
DA:10,0
DA:11,0
DA:12,0
DA:13,0
DA:14,0
DA:15,0
DA:21,0
DA:57,0
LF:17
LH:0
BRDA:22,0,0,0
BRDA:22,0,1,0
BRF:2
BRH:0
end_of_record
TN:
SF:src/modules/iam/application/use-cases/github-login.use-case.ts
FN:21,(anonymous_4)
FN:28,(anonymous_5)
FN:92,(anonymous_6)
FN:113,(anonymous_7)
FNF:4
FNH:2
FNDA:8,(anonymous_4)
FNDA:9,(anonymous_5)
FNDA:0,(anonymous_6)
FNDA:0,(anonymous_7)
DA:1,1
DA:2,1
DA:4,1
DA:5,1
DA:20,1
DA:23,8
DA:24,8
DA:25,8
DA:29,9
DA:30,9
DA:31,2
DA:34,7
DA:36,7
DA:37,3
DA:39,3
DA:41,2
DA:53,2
DA:54,2
DA:57,1
DA:64,1
DA:68,7
DA:75,7
DA:79,7
DA:93,0
DA:94,0
DA:97,0
DA:105,0
DA:106,0
DA:107,0
DA:113,0
DA:114,0
DA:117,0
DA:118,0
DA:121,0
DA:129,0
DA:130,0
LF:36
LH:23
BRDA:30,0,0,2
BRDA:30,0,1,7
BRDA:36,1,0,3
BRDA:36,1,1,4
BRDA:39,2,0,2
BRDA:39,2,1,1
BRDA:47,3,0,2
BRDA:47,3,1,0
BRDA:48,4,0,2
BRDA:48,4,1,1
BRDA:86,5,0,7
BRDA:86,5,1,3
BRDA:106,6,0,0
BRDA:106,6,1,0
BRDA:114,7,0,0
BRDA:114,7,1,0
BRDA:117,8,0,0
BRDA:117,8,1,0
BRF:18
BRH:11
end_of_record
TN:
SF:src/modules/iam/application/use-cases/google-login.use-case.ts
FN:20,(anonymous_4)
FN:27,(anonymous_5)
FN:92,(anonymous_6)
FNF:3
FNH:2
FNDA:10,(anonymous_4)
FNDA:11,(anonymous_5)
FNDA:0,(anonymous_6)
DA:1,1
DA:2,1
DA:4,1
DA:5,1
DA:19,1
DA:22,10
DA:23,10
DA:24,10
DA:28,11
DA:29,11
DA:30,2
DA:33,9
DA:35,9
DA:36,4
DA:38,4
DA:40,3
DA:51,3
DA:52,3
DA:55,1
DA:62,1
DA:66,9
DA:73,9
DA:77,9
DA:93,0
DA:97,0
DA:98,0
DA:99,0
DA:101,0
DA:103,0
LF:29
LH:23
BRDA:29,0,0,2
BRDA:29,0,1,9
BRDA:35,1,0,4
BRDA:35,1,1,5
BRDA:38,2,0,3
BRDA:38,2,1,1
BRDA:45,3,0,3
BRDA:45,3,1,1
BRDA:46,4,0,3
BRDA:46,4,1,2
BRDA:82,5,0,9
BRDA:82,5,1,4
BRDA:98,6,0,0
BRDA:98,6,1,0
BRDA:98,7,0,0
BRDA:98,7,1,0
BRDA:98,7,2,0
BRF:17
BRH:12
end_of_record
TN:
SF:src/modules/iam/application/use-cases/login.use-case.ts
FN:14,(anonymous_4)
FN:22,(anonymous_5)
FNF:2
FNH:2
FNDA:5,(anonymous_4)
FNDA:4,(anonymous_5)
DA:1,1
DA:3,1
DA:4,1
DA:5,1
DA:13,1
DA:16,5
DA:17,5
DA:18,5
DA:19,5
DA:23,4
DA:24,4
DA:25,1
DA:28,3
DA:29,3
DA:30,1
DA:34,2
DA:38,2
DA:44,2
LF:18
LH:18
BRDA:24,0,0,1
BRDA:24,0,1,3
BRDA:24,1,0,4
BRDA:24,1,1,3
BRDA:29,2,0,1
BRDA:29,2,1,2
BRDA:49,3,0,2
BRDA:49,3,1,0
BRF:8
BRH:7
end_of_record
TN:
SF:src/modules/iam/application/use-cases/profile.use-cases.ts
FN:7,(anonymous_4)
FN:12,(anonymous_5)
FN:37,(anonymous_6)
FN:42,(anonymous_7)
FNF:4
FNH:4
FNDA:8,(anonymous_4)
FNDA:9,(anonymous_5)
FNDA:15,(anonymous_6)
FNDA:16,(anonymous_7)
DA:1,1
DA:3,1
DA:6,1
DA:9,8
DA:13,9
DA:14,9
DA:15,3
DA:18,6
DA:36,1
DA:39,15
DA:43,16
DA:44,16
DA:45,3
DA:48,13
DA:57,13
DA:59,13
LF:16
LH:16
BRDA:14,0,0,3
BRDA:14,0,1,6
BRDA:44,1,0,3
BRDA:44,1,1,13
BRDA:51,2,0,13
BRDA:51,2,1,6
BRDA:52,3,0,13
BRDA:52,3,1,9
BRF:8
BRH:8
end_of_record
TN:
SF:src/modules/iam/application/use-cases/register-user.use-case.ts
FN:16,(anonymous_4)
FN:24,(anonymous_5)
FNF:2
FNH:2
FNDA:6,(anonymous_4)
FNDA:5,(anonymous_5)
DA:1,1
DA:2,1
DA:4,1
DA:5,1
DA:6,1
DA:15,1
DA:18,6
DA:19,6
DA:20,6
DA:21,6
DA:25,5
DA:26,2
DA:29,3
DA:30,3
DA:31,1
DA:34,2
DA:36,2
DA:43,2
DA:46,2
DA:50,2
DA:56,2
LF:21
LH:21
BRDA:25,0,0,2
BRDA:25,0,1,3
BRDA:25,1,0,5
BRDA:25,1,1,4
BRDA:30,2,0,1
BRDA:30,2,1,2
BRDA:61,3,0,2
BRDA:61,3,1,1
BRF:8
BRH:8
end_of_record
TN:
SF:src/modules/iam/application/use-cases/validate-session.use-case.ts
FN:7,(anonymous_4)
FN:13,(anonymous_5)
FNF:2
FNH:2
FNDA:10,(anonymous_4)
FNDA:11,(anonymous_5)
DA:1,1
DA:3,1
DA:6,1
DA:9,10
DA:10,10
DA:14,11
DA:15,11
DA:16,3
DA:20,8
DA:24,8
LF:10
LH:10
BRDA:15,0,0,3
BRDA:15,0,1,8
BRDA:29,1,0,8
BRDA:29,1,1,4
BRF:4
BRH:4
end_of_record
TN:
SF:src/modules/iam/domain/entities/user.entity.ts
FN:3,(anonymous_0)
FN:23,(anonymous_1)
FN:27,(anonymous_2)
FN:31,(anonymous_3)
FN:35,(anonymous_4)
FN:39,(anonymous_5)
FN:43,(anonymous_6)
FN:47,(anonymous_7)
FN:51,(anonymous_8)
FN:55,(anonymous_9)
FN:60,(anonymous_10)
FNF:11
FNH:9
FNDA:6,(anonymous_0)
FNDA:41,(anonymous_1)
FNDA:80,(anonymous_2)
FNDA:15,(anonymous_3)
FNDA:6,(anonymous_4)
FNDA:4,(anonymous_5)
FNDA:65,(anonymous_6)
FNDA:64,(anonymous_7)
FNDA:61,(anonymous_8)
FNDA:0,(anonymous_9)
FNDA:0,(anonymous_10)
DA:1,6
DA:3,6
DA:4,6
DA:5,6
DA:6,6
DA:7,6
DA:22,6
DA:24,41
DA:28,80
DA:32,15
DA:36,6
DA:40,4
DA:44,65
DA:48,64
DA:52,61
DA:56,0
DA:57,0
DA:61,0
LF:18
LH:15
BRDA:3,0,0,6
BRDA:3,0,1,6
BRDA:56,1,0,0
BRDA:56,1,1,0
BRDA:57,2,0,0
BRDA:57,2,1,0
BRF:6
BRH:2
end_of_record
TN:
SF:src/modules/iam/infra/hashing/bcrypt.hasher.ts
FN:8,(anonymous_10)
FN:12,(anonymous_11)
FNF:2
FNH:0
FNDA:0,(anonymous_10)
FNDA:0,(anonymous_11)
DA:1,2
DA:2,2
DA:5,2
DA:6,0
DA:9,0
DA:13,0
LF:6
LH:3
BRF:0
BRH:0
end_of_record
TN:
SF:src/modules/iam/infra/http/controllers/auth.controller.ts
FN:15,(anonymous_4)
FN:29,(anonymous_5)
FN:38,(anonymous_6)
FN:47,(anonymous_7)
FN:55,(anonymous_8)
FN:63,(anonymous_9)
FN:73,(anonymous_10)
FNF:7
FNH:0
FNDA:0,(anonymous_4)
FNDA:0,(anonymous_5)
FNDA:0,(anonymous_6)
FNDA:0,(anonymous_7)
FNDA:0,(anonymous_8)
FNDA:0,(anonymous_9)
FNDA:0,(anonymous_10)
DA:1,0
DA:2,0
DA:3,0
DA:4,0
DA:5,0
DA:6,0
DA:7,0
DA:8,0
DA:9,0
DA:10,0
DA:14,0
DA:16,0
DA:17,0
DA:18,0
DA:19,0
DA:20,0
DA:29,0
DA:30,0
DA:38,0
DA:39,0
DA:47,0
DA:48,0
DA:55,0
DA:56,0
DA:63,0
DA:64,0
DA:73,0
DA:74,0
LF:28
LH:0
BRF:0
BRH:0
end_of_record
TN:
SF:src/modules/iam/infra/http/controllers/profile.controller.ts
FN:26,(anonymous_4)
FN:36,(anonymous_5)
FN:44,(anonymous_6)
FN:70,(anonymous_7)
FNF:4
FNH:0
FNDA:0,(anonymous_4)
FNDA:0,(anonymous_5)
FNDA:0,(anonymous_6)
FNDA:0,(anonymous_7)
DA:1,0
DA:14,0
DA:15,0
DA:16,0
DA:17,0
DA:18,0
DA:19,0
DA:25,0
DA:27,0
DA:28,0
DA:29,0
DA:36,0
DA:37,0
DA:44,0
DA:48,0
DA:70,0
DA:74,0
DA:76,0
DA:80,0
LF:19
LH:0
BRF:0
BRH:0
end_of_record
TN:
SF:src/modules/iam/infra/http/controllers/role.controller.ts
FN:9,(anonymous_4)
FN:15,(anonymous_5)
FNF:2
FNH:0
FNDA:0,(anonymous_4)
FNDA:0,(anonymous_5)
DA:1,0
DA:2,0
DA:3,0
DA:8,0
DA:11,0
DA:15,0
DA:16,0
DA:17,0
LF:8
LH:0
BRDA:18,0,0,0
BRDA:18,0,1,0
BRF:2
BRH:0
end_of_record
TN:
SF:src/modules/iam/infra/http/dtos/login.dto.ts
FNF:0
FNH:0
DA:1,0
DA:2,0
DA:4,0
DA:7,0
DA:12,0
DA:15,0
DA:18,0
DA:21,0
DA:24,0
LF:9
LH:0
BRF:0
BRH:0
end_of_record
TN:
SF:src/modules/iam/infra/http/dtos/register.dto.ts
FNF:0
FNH:0
DA:1,0
DA:2,0
DA:4,0
DA:7,0
DA:13,0
DA:19,0
LF:6
LH:0
BRF:0
BRH:0
end_of_record
TN:
SF:src/modules/iam/infra/http/dtos/update-profile.dto.ts
FNF:0
FNH:0
DA:1,0
DA:2,0
DA:4,0
DA:9,0
DA:15,0
LF:5
LH:0
BRF:0
BRH:0
end_of_record
TN:
SF:src/modules/iam/infra/repositories/prisma-user.repository.ts
FN:9,(anonymous_2)
FN:11,(anonymous_3)
FN:28,(anonymous_4)
FN:72,(anonymous_5)
FN:78,(anonymous_6)
FN:84,(anonymous_7)
FN:90,(anonymous_8)
FN:96,(anonymous_9)
FN:100,(anonymous_10)
FNF:9
FNH:0
FNDA:0,(anonymous_2)
FNDA:0,(anonymous_3)
FNDA:0,(anonymous_4)
FNDA:0,(anonymous_5)
FNDA:0,(anonymous_6)
FNDA:0,(anonymous_7)
FNDA:0,(anonymous_8)
FNDA:0,(anonymous_9)
FNDA:0,(anonymous_10)
DA:1,0
DA:2,0
DA:3,0
DA:8,0
DA:9,0
DA:12,0
DA:29,0
DA:31,0
DA:42,0
DA:43,0
DA:57,0
DA:73,0
DA:74,0
DA:75,0
DA:79,0
DA:80,0
DA:81,0
DA:85,0
DA:86,0
DA:87,0
DA:91,0
DA:92,0
DA:93,0
DA:97,0
DA:100,0
LF:25
LH:0
BRDA:42,0,0,0
BRDA:42,0,1,0
BRDA:74,1,0,0
BRDA:74,1,1,0
BRDA:80,2,0,0
BRDA:80,2,1,0
BRDA:86,3,0,0
BRDA:86,3,1,0
BRDA:92,4,0,0
BRDA:92,4,1,0
BRF:10
BRH:0
end_of_record
TN:
SF:src/modules/iam/infra/security/jwt-auth.guard.ts
FNF:0
FNH:0
DA:1,0
DA:2,0
DA:5,0
LF:3
LH:0
BRF:0
BRH:0
end_of_record
TN:
SF:src/modules/iam/infra/security/jwt.strategy.ts
FN:9,(anonymous_4)
FN:21,(anonymous_5)
FNF:2
FNH:0
FNDA:0,(anonymous_4)
FNDA:0,(anonymous_5)
DA:1,0
DA:2,0
DA:3,0
DA:4,0
DA:8,0
DA:12,0
DA:14,0
DA:22,0
DA:23,0
DA:24,0
DA:27,0
LF:11
LH:0
BRDA:17,0,0,0
BRDA:17,0,1,0
BRDA:23,1,0,0
BRDA:23,1,1,0
BRF:4
BRH:0
end_of_record
TN:
SF:src/modules/prisma/prisma.module.ts
FNF:0
FNH:0
DA:1,0
DA:2,0
DA:9,0
LF:3
LH:0
BRF:0
BRH:0
end_of_record
TN:
SF:src/modules/prisma/prisma.service.ts
FN:6,(anonymous_1)
FN:10,(anonymous_2)
FNF:2
FNH:0
FNDA:0,(anonymous_1)
FNDA:0,(anonymous_2)
DA:1,6
DA:2,6
DA:5,6
DA:7,0
DA:11,0
LF:5
LH:3
BRF:0
BRH:0
end_of_record
TN:
SF:src/modules/shared/shared.module.ts
FNF:0
FNH:0
DA:1,0
DA:2,0
DA:3,0
DA:10,0
LF:4
LH:0
BRF:0
BRH:0
end_of_record
TN:
SF:src/modules/shared/infra/cloudinary/cloudinary.provider.ts
FN:8,(anonymous_0)
FNF:1
FNH:0
FNDA:0,(anonymous_0)
DA:1,0
DA:2,0
DA:4,0
DA:6,0
DA:9,0
LF:5
LH:0
BRF:0
BRH:0
end_of_record
TN:
SF:src/modules/shared/infra/cloudinary/cloudinary.service.ts
FN:7,(anonymous_10)
FN:25,(anonymous_11)
FN:35,(anonymous_12)
FN:50,(anonymous_13)
FNF:4
FNH:0
FNDA:0,(anonymous_10)
FNDA:0,(anonymous_11)
FNDA:0,(anonymous_12)
FNDA:0,(anonymous_13)
DA:1,0
DA:2,0
DA:3,0
DA:6,0
DA:11,0
DA:12,0
DA:15,0
DA:16,0
DA:17,0
DA:20,0
DA:21,0
DA:22,0
DA:25,0
DA:26,0
DA:36,0
DA:37,0
DA:38,0
DA:39,0
DA:41,0
DA:46,0
DA:51,0
DA:52,0
DA:54,0
LF:23
LH:0
BRDA:9,0,0,0
BRDA:11,1,0,0
BRDA:11,1,1,0
BRDA:16,2,0,0
BRDA:16,2,1,0
BRDA:21,3,0,0
BRDA:21,3,1,0
BRDA:36,4,0,0
BRDA:36,4,1,0
BRDA:38,5,0,0
BRDA:38,5,1,0
BRF:11
BRH:0
end_of_record
TN:
SF:src/modules/subscription/subscription.module.ts
FNF:0
FNH:0
DA:1,0
DA:2,0
DA:3,0
DA:4,0
DA:11,0
DA:29,0
LF:6
LH:0
BRF:0
BRH:0
end_of_record
TN:
SF:src/modules/subscription/application/use-cases/subscription.use-cases.ts
FN:15,(anonymous_4)
FN:20,(anonymous_5)
FN:40,(anonymous_6)
FN:45,(anonymous_7)
FN:84,(anonymous_8)
FN:89,(anonymous_9)
FN:120,(anonymous_10)
FN:125,(anonymous_11)
FN:157,(anonymous_12)
FN:162,(anonymous_13)
FNF:10
FNH:8
FNDA:15,(anonymous_4)
FNDA:2,(anonymous_5)
FNDA:15,(anonymous_6)
FNDA:3,(anonymous_7)
FNDA:15,(anonymous_8)
FNDA:2,(anonymous_9)
FNDA:15,(anonymous_10)
FNDA:4,(anonymous_11)
FNDA:0,(anonymous_12)
FNDA:0,(anonymous_13)
DA:1,1
DA:3,1
DA:6,1
DA:14,1
DA:17,15
DA:21,2
DA:22,2
DA:23,1
DA:26,1
DA:39,1
DA:42,15
DA:46,3
DA:47,3
DA:48,1
DA:51,2
DA:52,2
DA:53,1
DA:56,1
DA:58,1
DA:67,1
DA:69,1
DA:83,1
DA:86,15
DA:90,2
DA:91,2
DA:92,1
DA:95,1
DA:103,1
DA:105,1
DA:119,1
DA:122,15
DA:126,4
DA:127,4
DA:128,1
DA:131,3
DA:132,3
DA:133,1
DA:136,2
DA:138,2
DA:146,2
DA:148,2
DA:156,1
DA:159,0
DA:163,0
DA:164,0
DA:165,0
DA:168,0
DA:175,0
DA:177,0
LF:49
LH:42
BRDA:22,0,0,1
BRDA:22,0,1,1
BRDA:47,1,0,1
BRDA:47,1,1,2
BRDA:52,2,0,1
BRDA:52,2,1,1
BRDA:56,3,0,1
BRDA:56,3,1,0
BRDA:91,4,0,1
BRDA:91,4,1,1
BRDA:127,5,0,1
BRDA:127,5,1,3
BRDA:132,6,0,1
BRDA:132,6,1,2
BRDA:164,7,0,0
BRDA:164,7,1,0
BRDA:170,8,0,0
BRDA:170,8,1,0
BRDA:172,9,0,0
BRDA:172,9,1,0
BRF:20
BRH:13
end_of_record
TN:
SF:src/modules/subscription/domain/entities/subscription.entity.ts
FN:3,(anonymous_0)
FN:9,(anonymous_1)
FN:25,(anonymous_2)
FN:29,(anonymous_3)
FN:30,(anonymous_4)
FN:31,(anonymous_5)
FN:32,(anonymous_6)
FNF:7
FNH:7
FNDA:1,(anonymous_0)
FNDA:1,(anonymous_1)
FNDA:6,(anonymous_2)
FNDA:3,(anonymous_3)
FNDA:3,(anonymous_4)
FNDA:3,(anonymous_5)
FNDA:8,(anonymous_6)
DA:1,1
DA:3,1
DA:4,1
DA:5,1
DA:6,1
DA:9,1
DA:10,1
DA:11,1
DA:12,1
DA:24,1
DA:26,6
DA:29,3
DA:30,3
DA:31,3
DA:32,8
LF:15
LH:15
BRDA:3,0,0,1
BRDA:3,0,1,1
BRDA:9,1,0,1
BRDA:9,1,1,1
BRF:4
BRH:4
end_of_record
TN:
SF:src/modules/subscription/infra/http/controllers/subscription.controller.ts
FN:17,(anonymous_4)
FN:27,(anonymous_5)
FN:36,(anonymous_6)
FN:45,(anonymous_7)
FN:55,(anonymous_8)
FN:63,(anonymous_9)
FNF:6
FNH:0
FNDA:0,(anonymous_4)
FNDA:0,(anonymous_5)
FNDA:0,(anonymous_6)
FNDA:0,(anonymous_7)
FNDA:0,(anonymous_8)
FNDA:0,(anonymous_9)
DA:1,0
DA:2,0
DA:3,0
DA:4,0
DA:10,0
DA:16,0
DA:18,0
DA:19,0
DA:20,0
DA:21,0
DA:27,0
DA:28,0
DA:36,0
DA:37,0
DA:45,0
DA:46,0
DA:54,0
DA:55,0
DA:63,0
DA:64,0
LF:20
LH:0
BRF:0
BRH:0
end_of_record
TN:
SF:src/modules/subscription/infra/http/dtos/subscription.dto.ts
FN:4,(anonymous_2)
FNF:1
FNH:0
FNDA:0,(anonymous_2)
DA:1,0
DA:2,0
DA:4,0
DA:5,0
DA:6,0
DA:7,0
DA:10,0
DA:13,0
DA:16,0
DA:19,0
DA:25,0
LF:11
LH:0
BRDA:4,0,0,0
BRDA:4,0,1,0
BRF:2
BRH:0
end_of_record
TN:
SF:src/modules/subscription/infra/repositories/prisma-subscription.repository.ts
FN:9,(anonymous_2)
FN:11,(anonymous_3)
FN:25,(anonymous_4)
FN:45,(anonymous_5)
FN:51,(anonymous_6)
FN:57,(anonymous_7)
FN:61,(anonymous_8)
FN:64,(anonymous_9)
FN:69,(anonymous_10)
FNF:9
FNH:0
FNDA:0,(anonymous_2)
FNDA:0,(anonymous_3)
FNDA:0,(anonymous_4)
FNDA:0,(anonymous_5)
FNDA:0,(anonymous_6)
FNDA:0,(anonymous_7)
FNDA:0,(anonymous_8)
FNDA:0,(anonymous_9)
FNDA:0,(anonymous_10)
DA:1,0
DA:2,0
DA:3,0
DA:8,0
DA:9,0
DA:12,0
DA:26,0
DA:34,0
DA:46,0
DA:47,0
DA:48,0
DA:52,0
DA:53,0
DA:54,0
DA:58,0
DA:61,0
DA:65,0
DA:69,0
LF:18
LH:0
BRDA:47,0,0,0
BRDA:47,0,1,0
BRDA:53,1,0,0
BRDA:53,1,1,0
BRF:4
BRH:0
end_of_record
TN:
SF:src/types/streamifier.d.ts
FNF:0
FNH:0
LF:0
LH:0
BRF:0
BRH:0
end_of_record
